{"level":"info","message":"🚀 Program executed \u001b[3m\u001b[34msrc.program.crossyWollok\u001b[39m\u001b[23m on \u001b[3m\u001b[34mc:\\Users\\casal\\OneDrive\\Escritorio\\Objetos1\\TP GAME\u001b[39m\u001b[23m","ok":true,"timeElapsed":299,"timestamp":"2025-11-06T00:23:04.500Z"}
{"exitCode":"SIGHUP","level":"info","message":"👾 Game executed src.program.crossyWollok on c:\\Users\\casal\\OneDrive\\Escritorio\\Objetos1\\TP GAME","timeElapsed":17660,"timestamp":"2025-11-06T00:23:21.861Z"}
{"level":"info","message":"🚀 Program executed \u001b[3m\u001b[34msrc.program.crossyWollok\u001b[39m\u001b[23m on \u001b[3m\u001b[34mc:\\Users\\casal\\OneDrive\\Escritorio\\Objetos1\\TP GAME\u001b[39m\u001b[23m","ok":true,"timeElapsed":335,"timestamp":"2025-11-06T00:23:23.332Z"}
{"exitCode":0,"level":"info","message":"👾 Game executed src.program.crossyWollok on c:\\Users\\casal\\OneDrive\\Escritorio\\Objetos1\\TP GAME","timeElapsed":16816,"timestamp":"2025-11-06T00:23:39.813Z"}
{"level":"info","message":"🚀 Program executed \u001b[3m\u001b[34msrc.program.crossyWollok\u001b[39m\u001b[23m on \u001b[3m\u001b[34mc:\\Users\\casal\\OneDrive\\Escritorio\\Objetos1\\TP GAME\u001b[39m\u001b[23m","ok":true,"timeElapsed":313,"timestamp":"2025-11-06T00:24:45.408Z"}
{"exitCode":0,"level":"info","message":"👾 Game executed src.program.crossyWollok on c:\\Users\\casal\\OneDrive\\Escritorio\\Objetos1\\TP GAME","timeElapsed":24995,"timestamp":"2025-11-06T00:25:10.091Z"}
{"level":"error","message":"✘ Failed to rebuild document Failed to parse src/nivel1.wlk: \n-- PARSING FAILED --------------------------------------------------\n\n  24 |             game.say(personaje, \"💥 ¡Me atropellaron!\")\n  25 |             game.stop()\n> 26 |         }\n     |         ^\n  27 |     })\n  28 | \n\nExpected one of the following: \n\n'@', 'class', 'const', 'describe', 'mixin', 'object', 'only', 'package', 'program', 'test', 'var', '{', EOF, comment, not \"}\r\n    \", whitespace\n","stack":"Error: Failed to parse src/nivel1.wlk: \n-- PARSING FAILED --------------------------------------------------\n\n  24 |             game.say(personaje, \"💥 ¡Me atropellaron!\")\n  25 |             game.stop()\n> 26 |         }\n     |         ^\n  27 |     })\n  28 | \n\nExpected one of the following: \n\n'@', 'class', 'const', 'describe', 'mixin', 'object', 'only', 'package', 'program', 'test', 'var', '{', EOF, comment, not \"}\r\n    \", whitespace\n\n    at c:\\Users\\casal\\.vscode\\extensions\\uqbar.wollok-lsp-ide-0.5.3\\out\\server\\src\\server.js:2348:13026\n    at Array.map (<anonymous>)\n    at W1n (c:\\Users\\casal\\.vscode\\extensions\\uqbar.wollok-lsp-ide-0.5.3\\out\\server\\src\\server.js:2348:12950)\n    at U2.buildEnvironmentFrom (c:\\Users\\casal\\.vscode\\extensions\\uqbar.wollok-lsp-ide-0.5.3\\out\\server\\src\\server.js:2393:5254)\n    at U2.updateEnvironmentWith (c:\\Users\\casal\\.vscode\\extensions\\uqbar.wollok-lsp-ide-0.5.3\\out\\server\\src\\server.js:2393:4989)\n    at JF (c:\\Users\\casal\\.vscode\\extensions\\uqbar.wollok-lsp-ide-0.5.3\\out\\server\\src\\server.js:2393:7383)\n    at F3.invoke (c:\\Users\\casal\\.vscode\\extensions\\uqbar.wollok-lsp-ide-0.5.3\\out\\server\\src\\server.js:3:157334)\n    at o.fire (c:\\Users\\casal\\.vscode\\extensions\\uqbar.wollok-lsp-ide-0.5.3\\out\\server\\src\\server.js:3:158104)\n    at c:\\Users\\casal\\.vscode\\extensions\\uqbar.wollok-lsp-ide-0.5.3\\out\\server\\src\\server.js:37:57871\n    at Zr (c:\\Users\\casal\\.vscode\\extensions\\uqbar.wollok-lsp-ide-0.5.3\\out\\server\\src\\server.js:8:1561)","timestamp":"2025-11-06T00:25:52.962Z"}
{"level":"error","message":"✘ Failed to rebuild document Failed to parse src/nivel1.wlk: \n-- PARSING FAILED --------------------------------------------------\n\n  24 |             game.say(personaje, \"💥 ¡Me atropellaron!\")\n  25 |             game.stop()\n> 26 |         }\n     |         ^\n  27 |     })\n  28 | \n\nExpected one of the following: \n\n'@', 'class', 'const', 'describe', 'mixin', 'object', 'only', 'package', 'program', 'test', 'var', '{', EOF, comment, not \"}\r\n    \", whitespace\n","stack":"Error: Failed to parse src/nivel1.wlk: \n-- PARSING FAILED --------------------------------------------------\n\n  24 |             game.say(personaje, \"💥 ¡Me atropellaron!\")\n  25 |             game.stop()\n> 26 |         }\n     |         ^\n  27 |     })\n  28 | \n\nExpected one of the following: \n\n'@', 'class', 'const', 'describe', 'mixin', 'object', 'only', 'package', 'program', 'test', 'var', '{', EOF, comment, not \"}\r\n    \", whitespace\n\n    at c:\\Users\\casal\\.vscode\\extensions\\uqbar.wollok-lsp-ide-0.5.3\\out\\server\\src\\server.js:2348:13026\n    at Array.map (<anonymous>)\n    at W1n (c:\\Users\\casal\\.vscode\\extensions\\uqbar.wollok-lsp-ide-0.5.3\\out\\server\\src\\server.js:2348:12950)\n    at U2.buildEnvironmentFrom (c:\\Users\\casal\\.vscode\\extensions\\uqbar.wollok-lsp-ide-0.5.3\\out\\server\\src\\server.js:2393:5254)\n    at U2.updateEnvironmentWith (c:\\Users\\casal\\.vscode\\extensions\\uqbar.wollok-lsp-ide-0.5.3\\out\\server\\src\\server.js:2393:4989)\n    at JF (c:\\Users\\casal\\.vscode\\extensions\\uqbar.wollok-lsp-ide-0.5.3\\out\\server\\src\\server.js:2393:7383)\n    at F3.invoke (c:\\Users\\casal\\.vscode\\extensions\\uqbar.wollok-lsp-ide-0.5.3\\out\\server\\src\\server.js:3:157334)\n    at o.fire (c:\\Users\\casal\\.vscode\\extensions\\uqbar.wollok-lsp-ide-0.5.3\\out\\server\\src\\server.js:3:158104)\n    at c:\\Users\\casal\\.vscode\\extensions\\uqbar.wollok-lsp-ide-0.5.3\\out\\server\\src\\server.js:37:57871\n    at Zr (c:\\Users\\casal\\.vscode\\extensions\\uqbar.wollok-lsp-ide-0.5.3\\out\\server\\src\\server.js:8:1561)","timestamp":"2025-11-06T00:25:53.043Z"}
{"level":"info","message":"⌛ Validating src/nivel1.wlk","timeElapsed":101,"timestamp":"2025-11-06T00:25:53.678Z"}
{"level":"error","message":"✘ Failed to rebuild document Failed to parse src/nivel1.wlk: \n-- PARSING FAILED --------------------------------------------------\n\n  24 |             game.say(personaje, \"💥 ¡Me atropellaron!\")\n  25 |             game.stop()\n> 26 |         }\n     |         ^\n  27 |     })\n  28 | \n\nExpected one of the following: \n\n'@', 'class', 'const', 'describe', 'mixin', 'object', 'only', 'package', 'program', 'test', 'var', '{', EOF, comment, not \"}\r\n    \", whitespace\n","stack":"Error: Failed to parse src/nivel1.wlk: \n-- PARSING FAILED --------------------------------------------------\n\n  24 |             game.say(personaje, \"💥 ¡Me atropellaron!\")\n  25 |             game.stop()\n> 26 |         }\n     |         ^\n  27 |     })\n  28 | \n\nExpected one of the following: \n\n'@', 'class', 'const', 'describe', 'mixin', 'object', 'only', 'package', 'program', 'test', 'var', '{', EOF, comment, not \"}\r\n    \", whitespace\n\n    at c:\\Users\\casal\\.vscode\\extensions\\uqbar.wollok-lsp-ide-0.5.3\\out\\server\\src\\server.js:2348:13026\n    at Array.map (<anonymous>)\n    at W1n (c:\\Users\\casal\\.vscode\\extensions\\uqbar.wollok-lsp-ide-0.5.3\\out\\server\\src\\server.js:2348:12950)\n    at U2.buildEnvironmentFrom (c:\\Users\\casal\\.vscode\\extensions\\uqbar.wollok-lsp-ide-0.5.3\\out\\server\\src\\server.js:2393:5254)\n    at U2.updateEnvironmentWith (c:\\Users\\casal\\.vscode\\extensions\\uqbar.wollok-lsp-ide-0.5.3\\out\\server\\src\\server.js:2393:4989)\n    at JF (c:\\Users\\casal\\.vscode\\extensions\\uqbar.wollok-lsp-ide-0.5.3\\out\\server\\src\\server.js:2393:7383)\n    at F3.invoke (c:\\Users\\casal\\.vscode\\extensions\\uqbar.wollok-lsp-ide-0.5.3\\out\\server\\src\\server.js:3:157334)\n    at o.fire (c:\\Users\\casal\\.vscode\\extensions\\uqbar.wollok-lsp-ide-0.5.3\\out\\server\\src\\server.js:3:158104)\n    at c:\\Users\\casal\\.vscode\\extensions\\uqbar.wollok-lsp-ide-0.5.3\\out\\server\\src\\server.js:37:57871\n    at Zr (c:\\Users\\casal\\.vscode\\extensions\\uqbar.wollok-lsp-ide-0.5.3\\out\\server\\src\\server.js:8:1561)","timestamp":"2025-11-06T00:25:54.924Z"}
{"level":"error","message":"✘ Completions for node Send ([8:5, 8:14] - src/nivel1.wlk) failed: Error: [Send]{6c3a91} at src/nivel1.wlk:8 exhausted all cases without a match [Send]{6c3a91} at src/nivel1.wlk:8 exhausted all cases without a match","stack":"Error: [Send]{6c3a91} at src/nivel1.wlk:8 exhausted all cases without a match\n    at c:\\Users\\casal\\.vscode\\extensions\\uqbar.wollok-lsp-ide-0.5.3\\out\\server\\src\\server.js:38:6142\n    at D2 (c:\\Users\\casal\\.vscode\\extensions\\uqbar.wollok-lsp-ide-0.5.3\\out\\server\\src\\server.js:2384:42)\n    at Qh (c:\\Users\\casal\\.vscode\\extensions\\uqbar.wollok-lsp-ide-0.5.3\\out\\server\\src\\server.js:2384:1092)\n    at k6n (c:\\Users\\casal\\.vscode\\extensions\\uqbar.wollok-lsp-ide-0.5.3\\out\\server\\src\\server.js:2384:1248)\n    at c:\\Users\\casal\\.vscode\\extensions\\uqbar.wollok-lsp-ide-0.5.3\\out\\server\\src\\server.js:38:6131\n    at D2 (c:\\Users\\casal\\.vscode\\extensions\\uqbar.wollok-lsp-ide-0.5.3\\out\\server\\src\\server.js:2384:42)\n    at c:\\Users\\casal\\.vscode\\extensions\\uqbar.wollok-lsp-ide-0.5.3\\out\\server\\src\\server.js:2384:2988\n    at c:\\Users\\casal\\.vscode\\extensions\\uqbar.wollok-lsp-ide-0.5.3\\out\\server\\src\\server.js:2393:8440\n    at c:\\Users\\casal\\.vscode\\extensions\\uqbar.wollok-lsp-ide-0.5.3\\out\\server\\src\\server.js:37:74872\n    at Ye (c:\\Users\\casal\\.vscode\\extensions\\uqbar.wollok-lsp-ide-0.5.3\\out\\server\\src\\server.js:7:8527)","timestamp":"2025-11-06T00:26:28.911Z"}
{"level":"info","message":"🚀 Program executed \u001b[3m\u001b[34msrc.program.crossyWollok\u001b[39m\u001b[23m on \u001b[3m\u001b[34mc:\\Users\\casal\\OneDrive\\Escritorio\\Objetos1\\TP GAME\u001b[39m\u001b[23m","ok":true,"timeElapsed":321,"timestamp":"2025-11-06T00:26:33.377Z"}
{"exitCode":"SIGHUP","level":"info","message":"👾 Game executed src.program.crossyWollok on c:\\Users\\casal\\OneDrive\\Escritorio\\Objetos1\\TP GAME","timeElapsed":21497,"timestamp":"2025-11-06T00:26:54.553Z"}
{"level":"info","message":"⌛ Building environment","timeElapsed":209,"timestamp":"2025-11-06T00:30:16.570Z"}
{"level":"info","message":"⌛ Building environment","timeElapsed":134,"timestamp":"2025-11-06T00:30:16.713Z"}
{"level":"info","message":"⌛ Building environment","timeElapsed":134,"timestamp":"2025-11-06T00:30:17.359Z"}
{"level":"info","message":"⌛ Building environment","timeElapsed":123,"timestamp":"2025-11-06T00:30:17.728Z"}
{"level":"info","message":"⌛ Validating src/personaje.wlk","timeElapsed":162,"timestamp":"2025-11-06T00:30:17.893Z"}
{"level":"info","message":"⌛ Building environment","timeElapsed":132,"timestamp":"2025-11-06T00:30:18.026Z"}
{"level":"info","message":"⌛ Validating TP GAME/src/vehiculo.wlk","timeElapsed":141,"timestamp":"2025-11-06T00:30:18.185Z"}
{"level":"info","message":"⌛ Validating TP GAME/src/tronco.wlk","timeElapsed":127,"timestamp":"2025-11-06T00:30:18.313Z"}
{"level":"info","message":"⌛ Validating TP GAME/src/program.wpgm","timeElapsed":111,"timestamp":"2025-11-06T00:30:18.426Z"}
{"level":"info","message":"⌛ Validating TP GAME/src/personaje.wlk","timeElapsed":110,"timestamp":"2025-11-06T00:30:18.536Z"}
{"level":"info","message":"⌛ Validating TP GAME/src/elementoMovil.wlk","timeElapsed":116,"timestamp":"2025-11-06T00:30:18.652Z"}
{"level":"info","message":"⌛ Validating TP GAME/src/agua.wlk","timeElapsed":112,"timestamp":"2025-11-06T00:30:18.769Z"}
{"level":"info","message":"⌛ Validating src/program.wpgm","timeElapsed":111,"timestamp":"2025-11-06T00:30:18.886Z"}
{"level":"info","message":"⌛ Validating src/nivel1.wlk","timeElapsed":106,"timestamp":"2025-11-06T00:30:18.992Z"}
{"level":"info","message":"⌛ Validating src/elementoMovil.wlk","timeElapsed":104,"timestamp":"2025-11-06T00:30:19.196Z"}
{"level":"info","message":"⌛ Validating src/configTeclado.wlk","timeElapsed":158,"timestamp":"2025-11-06T00:30:19.355Z"}
{"level":"info","message":"⌛ Building environment","timeElapsed":139,"timestamp":"2025-11-06T00:30:32.383Z"}
{"level":"info","message":"⌛ Validating TP GAME/src/vehiculo.wlk","timeElapsed":228,"timestamp":"2025-11-06T00:30:32.618Z"}
{"level":"info","message":"⌛ Validating TP GAME/src/tronco.wlk","timeElapsed":140,"timestamp":"2025-11-06T00:30:32.758Z"}
{"level":"info","message":"⌛ Building environment","timeElapsed":198,"timestamp":"2025-11-06T00:30:34.700Z"}
{"level":"info","message":"⌛ Validating TP GAME/src/vehiculo.wlk","timeElapsed":209,"timestamp":"2025-11-06T00:30:34.924Z"}
{"level":"info","message":"⌛ Validating TP GAME/src/tronco.wlk","timeElapsed":230,"timestamp":"2025-11-06T00:30:35.155Z"}
{"level":"info","message":"⌛ Validating TP GAME/src/program.wpgm","timeElapsed":172,"timestamp":"2025-11-06T00:30:35.327Z"}
{"level":"info","message":"🚀 Program executed \u001b[3m\u001b[34msrc.program.crossyWollok\u001b[39m\u001b[23m on \u001b[3m\u001b[34mc:\\Users\\nquin\\Desktop\\TP GAME\\TP GAME\u001b[39m\u001b[23m","ok":true,"timeElapsed":530,"timestamp":"2025-11-06T00:30:40.974Z"}
{"level":"info","message":"⌛ Validating src/program.wpgm","timeElapsed":101,"timestamp":"2025-11-06T00:31:08.561Z"}
{"level":"info","message":"⌛ Validating src/personaje.wlk","timeElapsed":104,"timestamp":"2025-11-06T00:31:21.084Z"}
{"level":"info","message":"⌛ Validating src/personaje.wlk","timeElapsed":127,"timestamp":"2025-11-06T00:31:24.191Z"}
{"level":"info","message":"⌛ Validating src/program.wpgm","timeElapsed":112,"timestamp":"2025-11-06T00:32:10.455Z"}
{"level":"info","message":"⌛ Validating src/program.wpgm","timeElapsed":110,"timestamp":"2025-11-06T00:32:10.668Z"}
{"level":"info","message":"⌛ Validating src/program.wpgm","timeElapsed":137,"timestamp":"2025-11-06T00:32:10.977Z"}
{"level":"info","message":"⌛ Validating src/program.wpgm","timeElapsed":107,"timestamp":"2025-11-06T00:32:11.328Z"}
{"level":"info","message":"⌛ Validating src/nivel1.wlk","timeElapsed":122,"timestamp":"2025-11-06T00:32:20.743Z"}
{"level":"info","message":"⌛ Building environment","timeElapsed":115,"timestamp":"2025-11-06T00:32:21.092Z"}
{"level":"info","message":"⌛ Validating src/nivel1.wlk","timeElapsed":137,"timestamp":"2025-11-06T00:32:21.230Z"}
{"level":"info","message":"⌛ Validating src/nivel1.wlk","timeElapsed":107,"timestamp":"2025-11-06T00:32:21.414Z"}
{"level":"info","message":"⌛ Validating src/program.wpgm","timeElapsed":105,"timestamp":"2025-11-06T00:32:30.961Z"}
{"level":"info","message":"⌛ Validating src/program.wpgm","timeElapsed":117,"timestamp":"2025-11-06T00:32:31.224Z"}
{"level":"info","message":"⌛ Validating src/nivel1.wlk","timeElapsed":195,"timestamp":"2025-11-06T00:32:51.563Z"}
{"level":"info","message":"⌛ Building environment","timeElapsed":103,"timestamp":"2025-11-06T00:32:51.666Z"}
{"level":"info","message":"⌛ Validating src/nivel1.wlk","timeElapsed":129,"timestamp":"2025-11-06T00:32:51.891Z"}
{"level":"info","message":"⌛ Validating src/nivel1.wlk","timeElapsed":112,"timestamp":"2025-11-06T00:32:52.003Z"}
{"level":"info","message":"⌛ Validating src/nivel1.wlk","timeElapsed":107,"timestamp":"2025-11-06T00:32:52.216Z"}
{"level":"info","message":"⌛ Building environment","timeElapsed":109,"timestamp":"2025-11-06T00:32:52.364Z"}
{"level":"info","message":"⌛ Validating src/nivel1.wlk","timeElapsed":139,"timestamp":"2025-11-06T00:32:52.504Z"}
{"level":"info","message":"⌛ Validating src/nivel1.wlk","timeElapsed":110,"timestamp":"2025-11-06T00:32:52.690Z"}
{"level":"info","message":"⌛ Validating src/nivel1.wlk","timeElapsed":114,"timestamp":"2025-11-06T00:32:53.071Z"}
{"level":"info","message":"⌛ Validating src/nivel1.wlk","timeElapsed":124,"timestamp":"2025-11-06T00:32:53.905Z"}
{"level":"info","message":"⌛ Building environment","timeElapsed":113,"timestamp":"2025-11-06T00:32:54.086Z"}
{"level":"info","message":"⌛ Validating src/nivel1.wlk","timeElapsed":131,"timestamp":"2025-11-06T00:32:54.306Z"}
{"level":"info","message":"⌛ Validating src/nivel1.wlk","timeElapsed":115,"timestamp":"2025-11-06T00:32:54.421Z"}
{"level":"info","message":"⌛ Building environment","timeElapsed":118,"timestamp":"2025-11-06T00:32:54.545Z"}
{"level":"info","message":"⌛ Validating src/nivel1.wlk","timeElapsed":168,"timestamp":"2025-11-06T00:32:54.978Z"}
{"level":"info","message":"⌛ Validating src/nivel1.wlk","timeElapsed":118,"timestamp":"2025-11-06T00:32:55.097Z"}
{"level":"info","message":"⌛ Validating src/nivel1.wlk","timeElapsed":111,"timestamp":"2025-11-06T00:32:55.306Z"}
{"level":"info","message":"⌛ Validating src/nivel1.wlk","timeElapsed":105,"timestamp":"2025-11-06T00:32:55.411Z"}
{"level":"info","message":"⌛ Validating src/nivel1.wlk","timeElapsed":110,"timestamp":"2025-11-06T00:32:55.686Z"}
{"level":"info","message":"⌛ Validating src/nivel1.wlk","timeElapsed":105,"timestamp":"2025-11-06T00:32:55.800Z"}
{"level":"info","message":"⌛ Validating src/nivel1.wlk","timeElapsed":108,"timestamp":"2025-11-06T00:32:56.001Z"}
{"level":"info","message":"⌛ Validating src/nivel1.wlk","timeElapsed":115,"timestamp":"2025-11-06T00:32:56.253Z"}
{"level":"info","message":"⌛ Validating src/nivel1.wlk","timeElapsed":157,"timestamp":"2025-11-06T00:32:56.411Z"}
{"level":"info","message":"⌛ Validating src/nivel1.wlk","timeElapsed":113,"timestamp":"2025-11-06T00:32:56.806Z"}
{"level":"info","message":"⌛ Validating src/nivel1.wlk","timeElapsed":107,"timestamp":"2025-11-06T00:32:56.993Z"}
{"level":"info","message":"⌛ Validating src/nivel1.wlk","timeElapsed":107,"timestamp":"2025-11-06T00:32:57.446Z"}
{"level":"info","message":"⌛ Validating src/nivel1.wlk","timeElapsed":107,"timestamp":"2025-11-06T00:32:57.553Z"}
{"level":"info","message":"⌛ Validating src/nivel1.wlk","timeElapsed":115,"timestamp":"2025-11-06T00:32:57.992Z"}
{"level":"info","message":"⌛ Validating src/nivel1.wlk","timeElapsed":105,"timestamp":"2025-11-06T00:32:58.276Z"}
{"level":"info","message":"⌛ Validating src/nivel1.wlk","timeElapsed":104,"timestamp":"2025-11-06T00:32:58.381Z"}
{"level":"info","message":"⌛ Building environment","timeElapsed":161,"timestamp":"2025-11-06T00:32:58.609Z"}
{"level":"info","message":"⌛ Validating src/nivel1.wlk","timeElapsed":109,"timestamp":"2025-11-06T00:32:58.810Z"}
{"level":"info","message":"⌛ Validating src/nivel1.wlk","timeElapsed":110,"timestamp":"2025-11-06T00:32:58.922Z"}
{"level":"info","message":"⌛ Validating src/nivel1.wlk","timeElapsed":123,"timestamp":"2025-11-06T00:32:59.236Z"}
{"level":"info","message":"⌛ Validating src/nivel1.wlk","timeElapsed":129,"timestamp":"2025-11-06T00:32:59.372Z"}
{"level":"info","message":"⌛ Validating src/nivel1.wlk","timeElapsed":111,"timestamp":"2025-11-06T00:32:59.673Z"}
{"level":"info","message":"⌛ Validating src/nivel1.wlk","timeElapsed":105,"timestamp":"2025-11-06T00:32:59.778Z"}
{"level":"info","message":"⌛ Validating src/nivel1.wlk","timeElapsed":117,"timestamp":"2025-11-06T00:33:00.004Z"}
{"level":"info","message":"⌛ Validating src/nivel1.wlk","timeElapsed":171,"timestamp":"2025-11-06T00:33:00.380Z"}
{"level":"info","message":"⌛ Validating src/nivel1.wlk","timeElapsed":109,"timestamp":"2025-11-06T00:33:00.495Z"}
{"level":"info","message":"⌛ Validating src/nivel1.wlk","timeElapsed":116,"timestamp":"2025-11-06T00:33:00.693Z"}
{"level":"info","message":"⌛ Building environment","timeElapsed":108,"timestamp":"2025-11-06T00:33:00.888Z"}
{"level":"info","message":"⌛ Validating src/nivel1.wlk","timeElapsed":106,"timestamp":"2025-11-06T00:33:01.107Z"}
{"level":"info","message":"⌛ Validating src/nivel1.wlk","timeElapsed":103,"timestamp":"2025-11-06T00:33:01.211Z"}
{"level":"info","message":"⌛ Validating src/nivel1.wlk","timeElapsed":112,"timestamp":"2025-11-06T00:33:01.425Z"}
{"level":"info","message":"⌛ Validating src/nivel1.wlk","timeElapsed":105,"timestamp":"2025-11-06T00:33:01.537Z"}
{"level":"info","message":"⌛ Validating src/nivel1.wlk","timeElapsed":110,"timestamp":"2025-11-06T00:33:02.282Z"}
{"level":"info","message":"⌛ Validating src/nivel1.wlk","timeElapsed":136,"timestamp":"2025-11-06T00:33:02.496Z"}
{"level":"info","message":"⌛ Validating src/nivel1.wlk","timeElapsed":116,"timestamp":"2025-11-06T00:33:10.705Z"}
{"level":"info","message":"⌛ Building environment","timeElapsed":187,"timestamp":"2025-11-06T00:33:10.893Z"}
{"level":"info","message":"⌛ Validating src/nivel1.wlk","timeElapsed":123,"timestamp":"2025-11-06T00:33:11.102Z"}
{"level":"info","message":"⌛ Validating src/nivel1.wlk","timeElapsed":111,"timestamp":"2025-11-06T00:33:11.218Z"}
{"level":"info","message":"⌛ Validating src/nivel1.wlk","timeElapsed":106,"timestamp":"2025-11-06T00:33:11.421Z"}
{"level":"info","message":"⌛ Validating src/nivel1.wlk","timeElapsed":107,"timestamp":"2025-11-06T00:33:12.144Z"}
{"level":"info","message":"⌛ Validating src/nivel1.wlk","timeElapsed":126,"timestamp":"2025-11-06T00:33:13.655Z"}
{"level":"info","message":"⌛ Validating src/nivel1.wlk","timeElapsed":113,"timestamp":"2025-11-06T00:33:13.847Z"}
{"exitCode":"SIGHUP","level":"info","message":"👾 Game executed src.program.crossyWollok on c:\\Users\\nquin\\Desktop\\TP GAME\\TP GAME","timeElapsed":423723,"timestamp":"2025-11-06T00:37:44.167Z"}
{"level":"info","message":"🚀 Program executed \u001b[3m\u001b[34msrc.program.crossyWollok\u001b[39m\u001b[23m on \u001b[3m\u001b[34mc:\\Users\\nquin\\Desktop\\TP GAME\\TP GAME\u001b[39m\u001b[23m","ok":true,"timeElapsed":494,"timestamp":"2025-11-06T00:37:48.637Z"}
{"exitCode":0,"level":"info","message":"👾 Game executed src.program.crossyWollok on c:\\Users\\nquin\\Desktop\\TP GAME\\TP GAME","timeElapsed":7861,"timestamp":"2025-11-06T00:37:56.004Z"}
{"level":"info","message":"🚀 Program executed \u001b[3m\u001b[34msrc.program.crossyWollok\u001b[39m\u001b[23m on \u001b[3m\u001b[34mc:\\Users\\nquin\\Desktop\\TP GAME\\TP GAME\u001b[39m\u001b[23m","ok":true,"timeElapsed":437,"timestamp":"2025-11-06T00:39:20.921Z"}
{"exitCode":"SIGHUP","level":"info","message":"👾 Game executed src.program.crossyWollok on c:\\Users\\nquin\\Desktop\\TP GAME\\TP GAME","timeElapsed":127826,"timestamp":"2025-11-06T00:41:28.310Z"}
{"level":"info","message":"🚀 Program executed \u001b[3m\u001b[34msrc.program.crossyWollok\u001b[39m\u001b[23m on \u001b[3m\u001b[34mc:\\Users\\nquin\\Desktop\\TP GAME\\TP GAME\u001b[39m\u001b[23m","ok":true,"timeElapsed":446,"timestamp":"2025-11-06T00:41:29.607Z"}
{"exitCode":0,"level":"info","message":"👾 Game executed src.program.crossyWollok on c:\\Users\\nquin\\Desktop\\TP GAME\\TP GAME","timeElapsed":4512,"timestamp":"2025-11-06T00:41:33.673Z"}
{"level":"info","message":"⌛ Validating src/program.wpgm","timeElapsed":152,"timestamp":"2025-11-06T00:42:01.485Z"}
{"level":"info","message":"⌛ Validating src/program.wpgm","timeElapsed":133,"timestamp":"2025-11-06T00:42:02.023Z"}
{"level":"info","message":"⌛ Validating src/program.wpgm","timeElapsed":139,"timestamp":"2025-11-06T00:42:02.564Z"}
{"level":"info","message":"⌛ Validating src/program.wpgm","timeElapsed":110,"timestamp":"2025-11-06T00:42:02.674Z"}
{"level":"info","message":"⌛ Validating src/program.wpgm","timeElapsed":116,"timestamp":"2025-11-06T00:42:02.793Z"}
{"level":"info","message":"⌛ Validating src/program.wpgm","timeElapsed":165,"timestamp":"2025-11-06T00:42:02.965Z"}
{"level":"info","message":"⌛ Validating src/program.wpgm","timeElapsed":121,"timestamp":"2025-11-06T00:42:03.392Z"}
{"level":"info","message":"⌛ Validating src/program.wpgm","timeElapsed":102,"timestamp":"2025-11-06T00:42:03.497Z"}
{"level":"info","message":"⌛ Validating src/program.wpgm","timeElapsed":109,"timestamp":"2025-11-06T00:42:03.606Z"}
{"level":"info","message":"⌛ Validating src/program.wpgm","timeElapsed":101,"timestamp":"2025-11-06T00:42:03.713Z"}
{"level":"info","message":"⌛ Validating src/program.wpgm","timeElapsed":101,"timestamp":"2025-11-06T00:42:03.981Z"}
{"level":"info","message":"⌛ Validating src/program.wpgm","timeElapsed":105,"timestamp":"2025-11-06T00:42:04.154Z"}
{"level":"info","message":"⌛ Validating src/menu.wlk","timeElapsed":115,"timestamp":"2025-11-06T00:42:19.982Z"}
{"level":"info","message":"⌛ Validating src/menu.wlk","timeElapsed":120,"timestamp":"2025-11-06T00:42:34.647Z"}
{"level":"error","message":"✘ Failed to rebuild document Failed to parse src/menu.wlk: \n-- PARSING FAILED --------------------------------------------------\n\n  14 |     configTeclado.menuOn()\n  15 |   }\n> 16 | }\n     | ^\n  17 | \n  18 | class OnlyVisual {\n\nExpected one of the following: \n\n' ', '@', 'class', 'const', 'describe', 'mixin', 'object', 'only', 'package', 'program', 'test', 'var', '{', EOF, comment, not \"}\r\n\r\n\", whitespace\n","stack":"Error: Failed to parse src/menu.wlk: \n-- PARSING FAILED --------------------------------------------------\n\n  14 |     configTeclado.menuOn()\n  15 |   }\n> 16 | }\n     | ^\n  17 | \n  18 | class OnlyVisual {\n\nExpected one of the following: \n\n' ', '@', 'class', 'const', 'describe', 'mixin', 'object', 'only', 'package', 'program', 'test', 'var', '{', EOF, comment, not \"}\r\n\r\n\", whitespace\n\n    at c:\\Users\\nquin\\.vscode\\extensions\\uqbar.wollok-lsp-ide-0.5.3\\out\\server\\src\\server.js:2348:13026\n    at Array.map (<anonymous>)\n    at W1n (c:\\Users\\nquin\\.vscode\\extensions\\uqbar.wollok-lsp-ide-0.5.3\\out\\server\\src\\server.js:2348:12950)\n    at U2.buildEnvironmentFrom (c:\\Users\\nquin\\.vscode\\extensions\\uqbar.wollok-lsp-ide-0.5.3\\out\\server\\src\\server.js:2393:5254)\n    at U2.updateEnvironmentWith (c:\\Users\\nquin\\.vscode\\extensions\\uqbar.wollok-lsp-ide-0.5.3\\out\\server\\src\\server.js:2393:4989)\n    at JF (c:\\Users\\nquin\\.vscode\\extensions\\uqbar.wollok-lsp-ide-0.5.3\\out\\server\\src\\server.js:2393:7383)\n    at F3.invoke (c:\\Users\\nquin\\.vscode\\extensions\\uqbar.wollok-lsp-ide-0.5.3\\out\\server\\src\\server.js:3:157334)\n    at o.fire (c:\\Users\\nquin\\.vscode\\extensions\\uqbar.wollok-lsp-ide-0.5.3\\out\\server\\src\\server.js:3:158104)\n    at c:\\Users\\nquin\\.vscode\\extensions\\uqbar.wollok-lsp-ide-0.5.3\\out\\server\\src\\server.js:37:57871\n    at Zr (c:\\Users\\nquin\\.vscode\\extensions\\uqbar.wollok-lsp-ide-0.5.3\\out\\server\\src\\server.js:8:1561)","timestamp":"2025-11-06T00:42:34.853Z"}
{"level":"info","message":"⌛ Validating src/menu.wlk","timeElapsed":115,"timestamp":"2025-11-06T00:42:35.008Z"}
{"level":"info","message":"⌛ Validating src/menu.wlk","timeElapsed":123,"timestamp":"2025-11-06T00:42:35.577Z"}
{"level":"info","message":"⌛ Validating src/menu.wlk","timeElapsed":112,"timestamp":"2025-11-06T00:42:35.766Z"}
{"level":"info","message":"⌛ Validating src/menu.wlk","timeElapsed":106,"timestamp":"2025-11-06T00:42:40.926Z"}
{"level":"info","message":"⌛ Validating src/menu.wlk","timeElapsed":107,"timestamp":"2025-11-06T00:42:42.096Z"}
{"level":"info","message":"⌛ Validating src/menu.wlk","timeElapsed":107,"timestamp":"2025-11-06T00:42:42.463Z"}
{"level":"info","message":"🚀 Program executed \u001b[3m\u001b[34msrc.program.crossyWollok\u001b[39m\u001b[23m on \u001b[3m\u001b[34mc:\\Users\\nquin\\Desktop\\TP GAME\\TP GAME\u001b[39m\u001b[23m","ok":true,"timeElapsed":398,"timestamp":"2025-11-06T00:42:47.277Z"}
{"level":"info","message":"⌛ Validating src/menu.wlk","timeElapsed":115,"timestamp":"2025-11-06T00:43:07.060Z"}
{"level":"info","message":"⌛ Validating src/menu.wlk","timeElapsed":105,"timestamp":"2025-11-06T00:43:07.262Z"}
{"level":"info","message":"⌛ Validating src/menu.wlk","timeElapsed":103,"timestamp":"2025-11-06T00:43:10.404Z"}
{"level":"info","message":"⌛ Validating src/menu.wlk","timeElapsed":116,"timestamp":"2025-11-06T00:43:10.620Z"}
{"level":"info","message":"⌛ Validating src/elementoMovil.wlk","timeElapsed":107,"timestamp":"2025-11-06T00:43:21.835Z"}
{"level":"info","message":"⌛ Validating src/configTeclado.wlk","timeElapsed":116,"timestamp":"2025-11-06T00:43:27.631Z"}
{"level":"info","message":"⌛ Validating src/configTeclado.wlk","timeElapsed":102,"timestamp":"2025-11-06T00:43:43.177Z"}
{"level":"info","message":"⌛ Validating src/configTeclado.wlk","timeElapsed":114,"timestamp":"2025-11-06T00:43:43.999Z"}
{"level":"info","message":"⌛ Building environment","timeElapsed":102,"timestamp":"2025-11-06T00:43:44.195Z"}
{"level":"info","message":"⌛ Validating src/configTeclado.wlk","timeElapsed":110,"timestamp":"2025-11-06T00:43:44.306Z"}
{"level":"info","message":"⌛ Validating src/configTeclado.wlk","timeElapsed":111,"timestamp":"2025-11-06T00:43:44.492Z"}
{"level":"info","message":"⌛ Validating src/configTeclado.wlk","timeElapsed":102,"timestamp":"2025-11-06T00:43:44.597Z"}
{"level":"info","message":"⌛ Validating src/configTeclado.wlk","timeElapsed":104,"timestamp":"2025-11-06T00:43:44.888Z"}
{"level":"info","message":"⌛ Validating src/configTeclado.wlk","timeElapsed":103,"timestamp":"2025-11-06T00:43:45.162Z"}
{"level":"info","message":"⌛ Validating src/configTeclado.wlk","timeElapsed":105,"timestamp":"2025-11-06T00:43:45.362Z"}
{"level":"info","message":"⌛ Validating src/configTeclado.wlk","timeElapsed":158,"timestamp":"2025-11-06T00:43:46.567Z"}
{"level":"info","message":"⌛ Validating src/configTeclado.wlk","timeElapsed":106,"timestamp":"2025-11-06T00:43:49.213Z"}
{"level":"info","message":"⌛ Validating src/configTeclado.wlk","timeElapsed":109,"timestamp":"2025-11-06T00:43:49.552Z"}
{"level":"info","message":"⌛ Validating src/configTeclado.wlk","timeElapsed":109,"timestamp":"2025-11-06T00:43:49.738Z"}
{"level":"info","message":"⌛ Building environment","timeElapsed":113,"timestamp":"2025-11-06T00:43:49.855Z"}
{"level":"info","message":"⌛ Validating src/configTeclado.wlk","timeElapsed":108,"timestamp":"2025-11-06T00:43:49.963Z"}
{"level":"info","message":"⌛ Validating src/configTeclado.wlk","timeElapsed":109,"timestamp":"2025-11-06T00:43:50.599Z"}
{"level":"info","message":"⌛ Validating src/configTeclado.wlk","timeElapsed":187,"timestamp":"2025-11-06T00:43:51.210Z"}
{"level":"info","message":"⌛ Validating src/configTeclado.wlk","timeElapsed":109,"timestamp":"2025-11-06T00:43:51.495Z"}
{"level":"info","message":"⌛ Validating src/configTeclado.wlk","timeElapsed":105,"timestamp":"2025-11-06T00:43:51.601Z"}
{"level":"info","message":"⌛ Validating src/configTeclado.wlk","timeElapsed":102,"timestamp":"2025-11-06T00:43:53.022Z"}
{"level":"info","message":"⌛ Validating src/configTeclado.wlk","timeElapsed":101,"timestamp":"2025-11-06T00:43:54.406Z"}
{"level":"error","message":"✘ Completions for node Return (undefined - src/configTeclado.wlk) failed: Error: [Return]{439cb7} at src/configTeclado.wlk:-- exhausted all cases without a match [Return]{439cb7} at src/configTeclado.wlk:-- exhausted all cases without a match","stack":"Error: [Return]{439cb7} at src/configTeclado.wlk:-- exhausted all cases without a match\n    at c:\\Users\\nquin\\.vscode\\extensions\\uqbar.wollok-lsp-ide-0.5.3\\out\\server\\src\\server.js:38:6142\n    at D2 (c:\\Users\\nquin\\.vscode\\extensions\\uqbar.wollok-lsp-ide-0.5.3\\out\\server\\src\\server.js:2384:42)\n    at Qh (c:\\Users\\nquin\\.vscode\\extensions\\uqbar.wollok-lsp-ide-0.5.3\\out\\server\\src\\server.js:2384:1092)\n    at k6n (c:\\Users\\nquin\\.vscode\\extensions\\uqbar.wollok-lsp-ide-0.5.3\\out\\server\\src\\server.js:2384:1248)\n    at c:\\Users\\nquin\\.vscode\\extensions\\uqbar.wollok-lsp-ide-0.5.3\\out\\server\\src\\server.js:38:6131\n    at D2 (c:\\Users\\nquin\\.vscode\\extensions\\uqbar.wollok-lsp-ide-0.5.3\\out\\server\\src\\server.js:2384:42)\n    at c:\\Users\\nquin\\.vscode\\extensions\\uqbar.wollok-lsp-ide-0.5.3\\out\\server\\src\\server.js:2384:2988\n    at c:\\Users\\nquin\\.vscode\\extensions\\uqbar.wollok-lsp-ide-0.5.3\\out\\server\\src\\server.js:2393:8440\n    at c:\\Users\\nquin\\.vscode\\extensions\\uqbar.wollok-lsp-ide-0.5.3\\out\\server\\src\\server.js:37:74872\n    at Ye (c:\\Users\\nquin\\.vscode\\extensions\\uqbar.wollok-lsp-ide-0.5.3\\out\\server\\src\\server.js:7:8527)","timestamp":"2025-11-06T00:43:54.933Z"}
{"level":"info","message":"⌛ Validating src/configTeclado.wlk","timeElapsed":167,"timestamp":"2025-11-06T00:43:55.102Z"}
{"level":"info","message":"⌛ Building environment","timeElapsed":120,"timestamp":"2025-11-06T00:43:55.389Z"}
{"level":"info","message":"⌛ Validating src/configTeclado.wlk","timeElapsed":105,"timestamp":"2025-11-06T00:43:55.509Z"}
{"level":"info","message":"⌛ Validating src/configTeclado.wlk","timeElapsed":101,"timestamp":"2025-11-06T00:43:56.031Z"}
{"level":"info","message":"⌛ Validating src/configTeclado.wlk","timeElapsed":105,"timestamp":"2025-11-06T00:43:56.613Z"}
{"level":"info","message":"⌛ Building environment","timeElapsed":138,"timestamp":"2025-11-06T00:43:58.150Z"}
{"level":"info","message":"⌛ Validating src/configTeclado.wlk","timeElapsed":115,"timestamp":"2025-11-06T00:43:58.275Z"}
{"level":"info","message":"⌛ Validating src/configTeclado.wlk","timeElapsed":106,"timestamp":"2025-11-06T00:43:59.417Z"}
{"level":"info","message":"⌛ Validating src/configTeclado.wlk","timeElapsed":107,"timestamp":"2025-11-06T00:43:59.596Z"}
{"level":"info","message":"⌛ Validating src/configTeclado.wlk","timeElapsed":101,"timestamp":"2025-11-06T00:44:02.230Z"}
{"level":"info","message":"⌛ Validating src/configTeclado.wlk","timeElapsed":104,"timestamp":"2025-11-06T00:44:06.048Z"}
{"level":"info","message":"⌛ Validating src/configTeclado.wlk","timeElapsed":103,"timestamp":"2025-11-06T00:44:06.228Z"}
{"level":"info","message":"⌛ Validating src/configTeclado.wlk","timeElapsed":102,"timestamp":"2025-11-06T00:44:08.086Z"}
{"level":"error","message":"✘ Completions for node Send ([18:4, 18:17] - src/configTeclado.wlk) failed: Error: [Send]{8c759d} at src/configTeclado.wlk:18 exhausted all cases without a match [Send]{8c759d} at src/configTeclado.wlk:18 exhausted all cases without a match","stack":"Error: [Send]{8c759d} at src/configTeclado.wlk:18 exhausted all cases without a match\n    at c:\\Users\\nquin\\.vscode\\extensions\\uqbar.wollok-lsp-ide-0.5.3\\out\\server\\src\\server.js:38:6142\n    at D2 (c:\\Users\\nquin\\.vscode\\extensions\\uqbar.wollok-lsp-ide-0.5.3\\out\\server\\src\\server.js:2384:42)\n    at c:\\Users\\nquin\\.vscode\\extensions\\uqbar.wollok-lsp-ide-0.5.3\\out\\server\\src\\server.js:2384:2988\n    at c:\\Users\\nquin\\.vscode\\extensions\\uqbar.wollok-lsp-ide-0.5.3\\out\\server\\src\\server.js:2393:8440\n    at c:\\Users\\nquin\\.vscode\\extensions\\uqbar.wollok-lsp-ide-0.5.3\\out\\server\\src\\server.js:37:74872\n    at Ye (c:\\Users\\nquin\\.vscode\\extensions\\uqbar.wollok-lsp-ide-0.5.3\\out\\server\\src\\server.js:7:8527)\n    at qt (c:\\Users\\nquin\\.vscode\\extensions\\uqbar.wollok-lsp-ide-0.5.3\\out\\server\\src\\server.js:7:6189)\n    at ot (c:\\Users\\nquin\\.vscode\\extensions\\uqbar.wollok-lsp-ide-0.5.3\\out\\server\\src\\server.js:7:6378)\n    at Immediate._onImmediate (c:\\Users\\nquin\\.vscode\\extensions\\uqbar.wollok-lsp-ide-0.5.3\\out\\server\\src\\server.js:7:6142)\n    at process.processImmediate (node:internal/timers:485:21)","timestamp":"2025-11-06T00:44:08.535Z"}
{"level":"error","message":"✘ Completions for node Send ([18:4, 18:42] - src/configTeclado.wlk) failed: Error: [Send]{cca038} at src/configTeclado.wlk:18 exhausted all cases without a match [Send]{cca038} at src/configTeclado.wlk:18 exhausted all cases without a match","stack":"Error: [Send]{cca038} at src/configTeclado.wlk:18 exhausted all cases without a match\n    at c:\\Users\\nquin\\.vscode\\extensions\\uqbar.wollok-lsp-ide-0.5.3\\out\\server\\src\\server.js:38:6142\n    at D2 (c:\\Users\\nquin\\.vscode\\extensions\\uqbar.wollok-lsp-ide-0.5.3\\out\\server\\src\\server.js:2384:42)\n    at Qh (c:\\Users\\nquin\\.vscode\\extensions\\uqbar.wollok-lsp-ide-0.5.3\\out\\server\\src\\server.js:2384:1092)\n    at D2 (c:\\Users\\nquin\\.vscode\\extensions\\uqbar.wollok-lsp-ide-0.5.3\\out\\server\\src\\server.js:2384:544)\n    at c:\\Users\\nquin\\.vscode\\extensions\\uqbar.wollok-lsp-ide-0.5.3\\out\\server\\src\\server.js:2384:2988\n    at c:\\Users\\nquin\\.vscode\\extensions\\uqbar.wollok-lsp-ide-0.5.3\\out\\server\\src\\server.js:2393:8440\n    at c:\\Users\\nquin\\.vscode\\extensions\\uqbar.wollok-lsp-ide-0.5.3\\out\\server\\src\\server.js:37:74872\n    at Ye (c:\\Users\\nquin\\.vscode\\extensions\\uqbar.wollok-lsp-ide-0.5.3\\out\\server\\src\\server.js:7:8527)\n    at qt (c:\\Users\\nquin\\.vscode\\extensions\\uqbar.wollok-lsp-ide-0.5.3\\out\\server\\src\\server.js:7:6189)\n    at ot (c:\\Users\\nquin\\.vscode\\extensions\\uqbar.wollok-lsp-ide-0.5.3\\out\\server\\src\\server.js:7:6378)","timestamp":"2025-11-06T00:44:08.535Z"}
{"level":"info","message":"⌛ Validating src/configTeclado.wlk","timeElapsed":106,"timestamp":"2025-11-06T00:44:08.649Z"}
{"level":"info","message":"⌛ Validating src/configTeclado.wlk","timeElapsed":104,"timestamp":"2025-11-06T00:44:09.834Z"}
{"level":"error","message":"✘ Completions for node Send ([18:29, 18:40] - src/configTeclado.wlk) failed: Error: [Send]{4cc0db} at src/configTeclado.wlk:18 exhausted all cases without a match [Send]{4cc0db} at src/configTeclado.wlk:18 exhausted all cases without a match","stack":"Error: [Send]{4cc0db} at src/configTeclado.wlk:18 exhausted all cases without a match\n    at c:\\Users\\nquin\\.vscode\\extensions\\uqbar.wollok-lsp-ide-0.5.3\\out\\server\\src\\server.js:38:6142\n    at D2 (c:\\Users\\nquin\\.vscode\\extensions\\uqbar.wollok-lsp-ide-0.5.3\\out\\server\\src\\server.js:2384:42)\n    at c:\\Users\\nquin\\.vscode\\extensions\\uqbar.wollok-lsp-ide-0.5.3\\out\\server\\src\\server.js:2384:2988\n    at c:\\Users\\nquin\\.vscode\\extensions\\uqbar.wollok-lsp-ide-0.5.3\\out\\server\\src\\server.js:2393:8440\n    at c:\\Users\\nquin\\.vscode\\extensions\\uqbar.wollok-lsp-ide-0.5.3\\out\\server\\src\\server.js:37:74872\n    at Ye (c:\\Users\\nquin\\.vscode\\extensions\\uqbar.wollok-lsp-ide-0.5.3\\out\\server\\src\\server.js:7:8527)\n    at qt (c:\\Users\\nquin\\.vscode\\extensions\\uqbar.wollok-lsp-ide-0.5.3\\out\\server\\src\\server.js:7:6189)\n    at ot (c:\\Users\\nquin\\.vscode\\extensions\\uqbar.wollok-lsp-ide-0.5.3\\out\\server\\src\\server.js:7:6378)\n    at Immediate._onImmediate (c:\\Users\\nquin\\.vscode\\extensions\\uqbar.wollok-lsp-ide-0.5.3\\out\\server\\src\\server.js:7:6142)\n    at process.processImmediate (node:internal/timers:485:21)","timestamp":"2025-11-06T00:44:09.926Z"}
{"level":"error","message":"✘ Completions for node Return (undefined - src/configTeclado.wlk) failed: Error: [Return]{795db6} at src/configTeclado.wlk:-- exhausted all cases without a match [Return]{795db6} at src/configTeclado.wlk:-- exhausted all cases without a match","stack":"Error: [Return]{795db6} at src/configTeclado.wlk:-- exhausted all cases without a match\n    at c:\\Users\\nquin\\.vscode\\extensions\\uqbar.wollok-lsp-ide-0.5.3\\out\\server\\src\\server.js:38:6142\n    at D2 (c:\\Users\\nquin\\.vscode\\extensions\\uqbar.wollok-lsp-ide-0.5.3\\out\\server\\src\\server.js:2384:42)\n    at Qh (c:\\Users\\nquin\\.vscode\\extensions\\uqbar.wollok-lsp-ide-0.5.3\\out\\server\\src\\server.js:2384:1092)\n    at D2 (c:\\Users\\nquin\\.vscode\\extensions\\uqbar.wollok-lsp-ide-0.5.3\\out\\server\\src\\server.js:2384:544)\n    at c:\\Users\\nquin\\.vscode\\extensions\\uqbar.wollok-lsp-ide-0.5.3\\out\\server\\src\\server.js:2384:2988\n    at c:\\Users\\nquin\\.vscode\\extensions\\uqbar.wollok-lsp-ide-0.5.3\\out\\server\\src\\server.js:2393:8440\n    at c:\\Users\\nquin\\.vscode\\extensions\\uqbar.wollok-lsp-ide-0.5.3\\out\\server\\src\\server.js:37:74872\n    at Ye (c:\\Users\\nquin\\.vscode\\extensions\\uqbar.wollok-lsp-ide-0.5.3\\out\\server\\src\\server.js:7:8527)\n    at qt (c:\\Users\\nquin\\.vscode\\extensions\\uqbar.wollok-lsp-ide-0.5.3\\out\\server\\src\\server.js:7:6189)\n    at ot (c:\\Users\\nquin\\.vscode\\extensions\\uqbar.wollok-lsp-ide-0.5.3\\out\\server\\src\\server.js:7:6378)","timestamp":"2025-11-06T00:44:09.926Z"}
{"level":"info","message":"⌛ Validating src/configTeclado.wlk","timeElapsed":165,"timestamp":"2025-11-06T00:44:10.093Z"}
{"level":"info","message":"⌛ Validating src/configTeclado.wlk","timeElapsed":101,"timestamp":"2025-11-06T00:44:13.301Z"}
{"level":"info","message":"⌛ Validating src/configTeclado.wlk","timeElapsed":101,"timestamp":"2025-11-06T00:44:13.676Z"}
{"level":"info","message":"⌛ Validating src/configTeclado.wlk","timeElapsed":117,"timestamp":"2025-11-06T00:44:14.448Z"}
{"level":"info","message":"⌛ Building environment","timeElapsed":133,"timestamp":"2025-11-06T00:44:14.584Z"}
{"level":"info","message":"⌛ Validating src/configTeclado.wlk","timeElapsed":126,"timestamp":"2025-11-06T00:44:14.712Z"}
{"level":"info","message":"⌛ Validating src/configTeclado.wlk","timeElapsed":108,"timestamp":"2025-11-06T00:44:17.505Z"}
{"level":"info","message":"⌛ Validating src/configTeclado.wlk","timeElapsed":110,"timestamp":"2025-11-06T00:44:18.161Z"}
{"level":"info","message":"⌛ Validating src/configTeclado.wlk","timeElapsed":101,"timestamp":"2025-11-06T00:44:20.389Z"}
{"level":"info","message":"⌛ Validating src/configTeclado.wlk","timeElapsed":101,"timestamp":"2025-11-06T00:44:21.198Z"}
{"level":"info","message":"⌛ Validating src/configTeclado.wlk","timeElapsed":101,"timestamp":"2025-11-06T00:44:22.332Z"}
{"level":"info","message":"⌛ Validating src/configTeclado.wlk","timeElapsed":105,"timestamp":"2025-11-06T00:44:23.305Z"}
{"level":"info","message":"⌛ Validating src/configTeclado.wlk","timeElapsed":103,"timestamp":"2025-11-06T00:44:31.811Z"}
{"level":"info","message":"⌛ Validating src/configTeclado.wlk","timeElapsed":102,"timestamp":"2025-11-06T00:44:35.559Z"}
{"level":"info","message":"⌛ Validating src/configTeclado.wlk","timeElapsed":101,"timestamp":"2025-11-06T00:44:36.917Z"}
{"exitCode":"SIGHUP","level":"info","message":"👾 Game executed src.program.crossyWollok on c:\\Users\\nquin\\Desktop\\TP GAME\\TP GAME","timeElapsed":129406,"timestamp":"2025-11-06T00:44:56.285Z"}
{"level":"info","message":"🚀 Program executed \u001b[3m\u001b[34msrc.program.crossyWollok\u001b[39m\u001b[23m on \u001b[3m\u001b[34mc:\\Users\\nquin\\Desktop\\TP GAME\\TP GAME\u001b[39m\u001b[23m","ok":true,"timeElapsed":428,"timestamp":"2025-11-06T00:44:58.920Z"}
{"exitCode":0,"level":"info","message":"👾 Game executed src.program.crossyWollok on c:\\Users\\nquin\\Desktop\\TP GAME\\TP GAME","timeElapsed":10156,"timestamp":"2025-11-06T00:45:08.649Z"}
{"level":"info","message":"⌛ Building environment","timeElapsed":132,"timestamp":"2025-11-06T00:47:43.691Z"}
{"level":"info","message":"⌛ Validating src/nivel1.wlk","timeElapsed":170,"timestamp":"2025-11-06T00:47:43.863Z"}
{"level":"info","message":"⌛ Validating src/nivel1.wlk","timeElapsed":146,"timestamp":"2025-11-06T00:47:47.342Z"}
{"level":"info","message":"⌛ Validating src/nivel1.wlk","timeElapsed":130,"timestamp":"2025-11-06T00:47:48.469Z"}
{"level":"info","message":"⌛ Building environment","timeElapsed":116,"timestamp":"2025-11-06T00:47:48.589Z"}
{"level":"info","message":"⌛ Validating src/nivel1.wlk","timeElapsed":120,"timestamp":"2025-11-06T00:47:48.710Z"}
{"level":"info","message":"⌛ Validating src/nivel1.wlk","timeElapsed":105,"timestamp":"2025-11-06T00:47:48.824Z"}
{"level":"info","message":"⌛ Building environment","timeElapsed":104,"timestamp":"2025-11-06T00:47:50.180Z"}
{"level":"info","message":"⌛ Validating src/nivel1.wlk","timeElapsed":121,"timestamp":"2025-11-06T00:47:50.312Z"}
{"level":"info","message":"⌛ Validating src/nivel1.wlk","timeElapsed":123,"timestamp":"2025-11-06T00:47:50.518Z"}
{"level":"info","message":"⌛ Validating src/nivel1.wlk","timeElapsed":121,"timestamp":"2025-11-06T00:47:50.660Z"}
{"level":"info","message":"⌛ Validating src/nivel1.wlk","timeElapsed":167,"timestamp":"2025-11-06T00:47:51.024Z"}
{"level":"info","message":"⌛ Building environment","timeElapsed":112,"timestamp":"2025-11-06T00:47:51.138Z"}
{"level":"info","message":"⌛ Validating src/nivel1.wlk","timeElapsed":124,"timestamp":"2025-11-06T00:47:51.263Z"}
{"level":"info","message":"⌛ Validating src/nivel1.wlk","timeElapsed":111,"timestamp":"2025-11-06T00:47:51.549Z"}
{"level":"info","message":"⌛ Building environment","timeElapsed":112,"timestamp":"2025-11-06T00:47:51.662Z"}
{"level":"info","message":"⌛ Validating src/nivel1.wlk","timeElapsed":134,"timestamp":"2025-11-06T00:47:51.796Z"}
{"level":"info","message":"⌛ Validating src/nivel1.wlk","timeElapsed":111,"timestamp":"2025-11-06T00:47:51.911Z"}
{"level":"info","message":"⌛ Validating src/nivel1.wlk","timeElapsed":165,"timestamp":"2025-11-06T00:47:52.083Z"}
{"level":"info","message":"⌛ Validating src/nivel1.wlk","timeElapsed":126,"timestamp":"2025-11-06T00:47:52.513Z"}
{"level":"info","message":"⌛ Validating src/nivel1.wlk","timeElapsed":118,"timestamp":"2025-11-06T00:47:52.704Z"}
{"level":"info","message":"⌛ Validating src/nivel1.wlk","timeElapsed":114,"timestamp":"2025-11-06T00:47:52.824Z"}
{"level":"info","message":"⌛ Building environment","timeElapsed":136,"timestamp":"2025-11-06T00:47:52.960Z"}
{"level":"info","message":"⌛ Validating src/nivel1.wlk","timeElapsed":124,"timestamp":"2025-11-06T00:47:53.185Z"}
{"level":"info","message":"⌛ Building environment","timeElapsed":123,"timestamp":"2025-11-06T00:47:53.386Z"}
{"level":"info","message":"⌛ Validating src/nivel1.wlk","timeElapsed":119,"timestamp":"2025-11-06T00:47:53.594Z"}
{"level":"info","message":"⌛ Validating src/nivel1.wlk","timeElapsed":105,"timestamp":"2025-11-06T00:47:53.698Z"}
{"level":"info","message":"⌛ Validating src/nivel1.wlk","timeElapsed":112,"timestamp":"2025-11-06T00:47:53.884Z"}
{"level":"info","message":"⌛ Validating src/nivel1.wlk","timeElapsed":113,"timestamp":"2025-11-06T00:47:54.070Z"}
{"level":"info","message":"⌛ Validating src/nivel1.wlk","timeElapsed":106,"timestamp":"2025-11-06T00:47:54.179Z"}
{"level":"info","message":"⌛ Validating src/nivel1.wlk","timeElapsed":114,"timestamp":"2025-11-06T00:47:54.385Z"}
{"level":"info","message":"⌛ Validating src/nivel1.wlk","timeElapsed":109,"timestamp":"2025-11-06T00:47:54.495Z"}
{"level":"info","message":"⌛ Building environment","timeElapsed":188,"timestamp":"2025-11-06T00:47:54.785Z"}
{"level":"info","message":"⌛ Validating src/nivel1.wlk","timeElapsed":115,"timestamp":"2025-11-06T00:47:54.900Z"}
{"level":"info","message":"⌛ Building environment","timeElapsed":134,"timestamp":"2025-11-06T00:47:55.036Z"}
{"level":"info","message":"⌛ Validating src/nivel1.wlk","timeElapsed":120,"timestamp":"2025-11-06T00:47:55.339Z"}
{"level":"info","message":"⌛ Validating src/nivel1.wlk","timeElapsed":110,"timestamp":"2025-11-06T00:47:55.621Z"}
{"level":"info","message":"⌛ Validating src/nivel1.wlk","timeElapsed":114,"timestamp":"2025-11-06T00:47:55.823Z"}
{"level":"info","message":"⌛ Validating src/nivel1.wlk","timeElapsed":109,"timestamp":"2025-11-06T00:47:55.936Z"}
{"level":"info","message":"⌛ Validating src/nivel1.wlk","timeElapsed":108,"timestamp":"2025-11-06T00:47:56.132Z"}
{"level":"info","message":"⌛ Validating src/nivel1.wlk","timeElapsed":104,"timestamp":"2025-11-06T00:47:56.335Z"}
{"level":"info","message":"⌛ Validating src/nivel1.wlk","timeElapsed":143,"timestamp":"2025-11-06T00:47:56.562Z"}
{"level":"info","message":"⌛ Validating src/nivel1.wlk","timeElapsed":110,"timestamp":"2025-11-06T00:47:56.785Z"}
{"level":"error","message":"✘ Failed to rebuild document Failed to parse src/nivel1.wlk: \n-- PARSING FAILED --------------------------------------------------\n\n  28 |                 game.say(personaje, \"💥 ¡Me atropellaron!\")\n  29 |                 game.stop()\n> 30 |             }\n     |             ^\n  31 |         })\n  32 | \n\nExpected one of the following: \n\n'@', 'class', 'const', 'describe', 'mixin', 'object', 'only', 'package', 'program', 'test', 'var', '{', EOF, comment, not \"}\r\n        \", whitespace\n","stack":"Error: Failed to parse src/nivel1.wlk: \n-- PARSING FAILED --------------------------------------------------\n\n  28 |                 game.say(personaje, \"💥 ¡Me atropellaron!\")\n  29 |                 game.stop()\n> 30 |             }\n     |             ^\n  31 |         })\n  32 | \n\nExpected one of the following: \n\n'@', 'class', 'const', 'describe', 'mixin', 'object', 'only', 'package', 'program', 'test', 'var', '{', EOF, comment, not \"}\r\n        \", whitespace\n\n    at c:\\Users\\nquin\\.vscode\\extensions\\uqbar.wollok-lsp-ide-0.5.3\\out\\server\\src\\server.js:2348:13026\n    at Array.map (<anonymous>)\n    at W1n (c:\\Users\\nquin\\.vscode\\extensions\\uqbar.wollok-lsp-ide-0.5.3\\out\\server\\src\\server.js:2348:12950)\n    at U2.buildEnvironmentFrom (c:\\Users\\nquin\\.vscode\\extensions\\uqbar.wollok-lsp-ide-0.5.3\\out\\server\\src\\server.js:2393:5254)\n    at U2.updateEnvironmentWith (c:\\Users\\nquin\\.vscode\\extensions\\uqbar.wollok-lsp-ide-0.5.3\\out\\server\\src\\server.js:2393:4989)\n    at JF (c:\\Users\\nquin\\.vscode\\extensions\\uqbar.wollok-lsp-ide-0.5.3\\out\\server\\src\\server.js:2393:7383)\n    at F3.invoke (c:\\Users\\nquin\\.vscode\\extensions\\uqbar.wollok-lsp-ide-0.5.3\\out\\server\\src\\server.js:3:157334)\n    at o.fire (c:\\Users\\nquin\\.vscode\\extensions\\uqbar.wollok-lsp-ide-0.5.3\\out\\server\\src\\server.js:3:158104)\n    at c:\\Users\\nquin\\.vscode\\extensions\\uqbar.wollok-lsp-ide-0.5.3\\out\\server\\src\\server.js:37:57871\n    at Zr (c:\\Users\\nquin\\.vscode\\extensions\\uqbar.wollok-lsp-ide-0.5.3\\out\\server\\src\\server.js:8:1561)","timestamp":"2025-11-06T00:47:56.965Z"}
{"level":"error","message":"✘ Failed to rebuild document Failed to parse src/nivel1.wlk: \n-- PARSING FAILED --------------------------------------------------\n\n  28 |                 game.say(personaje, \"💥 ¡Me atropellaron!\")\n  29 |                 game.stop()\n> 30 |             }\n     |             ^\n  31 |         })\n  32 | \n\nExpected one of the following: \n\n'@', 'class', 'const', 'describe', 'mixin', 'object', 'only', 'package', 'program', 'test', 'var', '{', EOF, comment, not \"}\r\n        \", whitespace\n","stack":"Error: Failed to parse src/nivel1.wlk: \n-- PARSING FAILED --------------------------------------------------\n\n  28 |                 game.say(personaje, \"💥 ¡Me atropellaron!\")\n  29 |                 game.stop()\n> 30 |             }\n     |             ^\n  31 |         })\n  32 | \n\nExpected one of the following: \n\n'@', 'class', 'const', 'describe', 'mixin', 'object', 'only', 'package', 'program', 'test', 'var', '{', EOF, comment, not \"}\r\n        \", whitespace\n\n    at c:\\Users\\nquin\\.vscode\\extensions\\uqbar.wollok-lsp-ide-0.5.3\\out\\server\\src\\server.js:2348:13026\n    at Array.map (<anonymous>)\n    at W1n (c:\\Users\\nquin\\.vscode\\extensions\\uqbar.wollok-lsp-ide-0.5.3\\out\\server\\src\\server.js:2348:12950)\n    at U2.buildEnvironmentFrom (c:\\Users\\nquin\\.vscode\\extensions\\uqbar.wollok-lsp-ide-0.5.3\\out\\server\\src\\server.js:2393:5254)\n    at U2.updateEnvironmentWith (c:\\Users\\nquin\\.vscode\\extensions\\uqbar.wollok-lsp-ide-0.5.3\\out\\server\\src\\server.js:2393:4989)\n    at JF (c:\\Users\\nquin\\.vscode\\extensions\\uqbar.wollok-lsp-ide-0.5.3\\out\\server\\src\\server.js:2393:7383)\n    at F3.invoke (c:\\Users\\nquin\\.vscode\\extensions\\uqbar.wollok-lsp-ide-0.5.3\\out\\server\\src\\server.js:3:157334)\n    at o.fire (c:\\Users\\nquin\\.vscode\\extensions\\uqbar.wollok-lsp-ide-0.5.3\\out\\server\\src\\server.js:3:158104)\n    at c:\\Users\\nquin\\.vscode\\extensions\\uqbar.wollok-lsp-ide-0.5.3\\out\\server\\src\\server.js:37:57871\n    at Zr (c:\\Users\\nquin\\.vscode\\extensions\\uqbar.wollok-lsp-ide-0.5.3\\out\\server\\src\\server.js:8:1561)","timestamp":"2025-11-06T00:47:56.978Z"}
{"level":"info","message":"⌛ Validating src/nivel1.wlk","timeElapsed":145,"timestamp":"2025-11-06T00:47:57.133Z"}
{"level":"info","message":"⌛ Validating src/nivel1.wlk","timeElapsed":113,"timestamp":"2025-11-06T00:47:57.247Z"}
{"level":"info","message":"⌛ Validating src/nivel1.wlk","timeElapsed":117,"timestamp":"2025-11-06T00:47:57.373Z"}
{"level":"info","message":"⌛ Validating src/nivel1.wlk","timeElapsed":116,"timestamp":"2025-11-06T00:47:57.491Z"}
{"level":"info","message":"⌛ Validating src/nivel1.wlk","timeElapsed":120,"timestamp":"2025-11-06T00:47:57.827Z"}
{"level":"info","message":"⌛ Building environment","timeElapsed":236,"timestamp":"2025-11-06T00:47:58.316Z"}
{"level":"info","message":"⌛ Validating src/nivel1.wlk","timeElapsed":127,"timestamp":"2025-11-06T00:47:58.444Z"}
{"level":"info","message":"⌛ Building environment","timeElapsed":104,"timestamp":"2025-11-06T00:47:58.550Z"}
{"level":"info","message":"⌛ Validating src/nivel1.wlk","timeElapsed":128,"timestamp":"2025-11-06T00:47:58.678Z"}
{"level":"info","message":"⌛ Building environment","timeElapsed":201,"timestamp":"2025-11-06T00:47:58.895Z"}
{"level":"info","message":"⌛ Validating src/nivel1.wlk","timeElapsed":132,"timestamp":"2025-11-06T00:47:59.028Z"}
{"level":"info","message":"⌛ Validating src/nivel1.wlk","timeElapsed":114,"timestamp":"2025-11-06T00:47:59.144Z"}
{"level":"info","message":"⌛ Validating src/nivel1.wlk","timeElapsed":107,"timestamp":"2025-11-06T00:47:59.255Z"}
{"level":"info","message":"⌛ Validating src/nivel1.wlk","timeElapsed":108,"timestamp":"2025-11-06T00:47:59.454Z"}
{"level":"info","message":"⌛ Validating src/nivel1.wlk","timeElapsed":113,"timestamp":"2025-11-06T00:47:59.736Z"}
{"level":"info","message":"⌛ Validating src/nivel1.wlk","timeElapsed":130,"timestamp":"2025-11-06T00:48:00.032Z"}
{"level":"info","message":"⌛ Validating src/nivel1.wlk","timeElapsed":124,"timestamp":"2025-11-06T00:48:00.238Z"}
{"level":"info","message":"⌛ Validating src/nivel1.wlk","timeElapsed":107,"timestamp":"2025-11-06T00:48:00.349Z"}
{"level":"info","message":"⌛ Validating src/nivel1.wlk","timeElapsed":111,"timestamp":"2025-11-06T00:48:00.460Z"}
{"level":"info","message":"⌛ Validating src/nivel1.wlk","timeElapsed":109,"timestamp":"2025-11-06T00:48:00.573Z"}
{"level":"info","message":"⌛ Validating src/nivel1.wlk","timeElapsed":114,"timestamp":"2025-11-06T00:48:00.687Z"}
{"level":"info","message":"⌛ Validating src/nivel1.wlk","timeElapsed":171,"timestamp":"2025-11-06T00:48:00.972Z"}
{"level":"info","message":"⌛ Building environment","timeElapsed":103,"timestamp":"2025-11-06T00:48:01.174Z"}
{"level":"info","message":"⌛ Validating src/nivel1.wlk","timeElapsed":104,"timestamp":"2025-11-06T00:48:01.656Z"}
{"level":"info","message":"⌛ Validating src/nivel1.wlk","timeElapsed":116,"timestamp":"2025-11-06T00:48:01.927Z"}
{"level":"error","message":"✘ Failed to rebuild document Failed to parse src/nivel1.wlk: \n-- PARSING FAILED --------------------------------------------------\n\n  28 |                 game.say(personaje, \"💥 ¡Me atropellaron!\")\n  29 |                 game.stop()\n> 30 |             }\n     |             ^\n  31 |         })\n  32 | \n\nExpected one of the following: \n\n'@', 'class', 'const', 'describe', 'mixin', 'object', 'only', 'package', 'program', 'test', 'var', '{', EOF, comment, not \"}\r\n        \", whitespace\n","stack":"Error: Failed to parse src/nivel1.wlk: \n-- PARSING FAILED --------------------------------------------------\n\n  28 |                 game.say(personaje, \"💥 ¡Me atropellaron!\")\n  29 |                 game.stop()\n> 30 |             }\n     |             ^\n  31 |         })\n  32 | \n\nExpected one of the following: \n\n'@', 'class', 'const', 'describe', 'mixin', 'object', 'only', 'package', 'program', 'test', 'var', '{', EOF, comment, not \"}\r\n        \", whitespace\n\n    at c:\\Users\\nquin\\.vscode\\extensions\\uqbar.wollok-lsp-ide-0.5.3\\out\\server\\src\\server.js:2348:13026\n    at Array.map (<anonymous>)\n    at W1n (c:\\Users\\nquin\\.vscode\\extensions\\uqbar.wollok-lsp-ide-0.5.3\\out\\server\\src\\server.js:2348:12950)\n    at U2.buildEnvironmentFrom (c:\\Users\\nquin\\.vscode\\extensions\\uqbar.wollok-lsp-ide-0.5.3\\out\\server\\src\\server.js:2393:5254)\n    at U2.updateEnvironmentWith (c:\\Users\\nquin\\.vscode\\extensions\\uqbar.wollok-lsp-ide-0.5.3\\out\\server\\src\\server.js:2393:4989)\n    at JF (c:\\Users\\nquin\\.vscode\\extensions\\uqbar.wollok-lsp-ide-0.5.3\\out\\server\\src\\server.js:2393:7383)\n    at F3.invoke (c:\\Users\\nquin\\.vscode\\extensions\\uqbar.wollok-lsp-ide-0.5.3\\out\\server\\src\\server.js:3:157334)\n    at o.fire (c:\\Users\\nquin\\.vscode\\extensions\\uqbar.wollok-lsp-ide-0.5.3\\out\\server\\src\\server.js:3:158104)\n    at c:\\Users\\nquin\\.vscode\\extensions\\uqbar.wollok-lsp-ide-0.5.3\\out\\server\\src\\server.js:37:57871\n    at Zr (c:\\Users\\nquin\\.vscode\\extensions\\uqbar.wollok-lsp-ide-0.5.3\\out\\server\\src\\server.js:8:1561)","timestamp":"2025-11-06T00:48:01.940Z"}
{"level":"info","message":"⌛ Validating src/nivel1.wlk","timeElapsed":102,"timestamp":"2025-11-06T00:48:02.075Z"}
{"level":"info","message":"⌛ Validating src/nivel1.wlk","timeElapsed":106,"timestamp":"2025-11-06T00:48:02.181Z"}
{"level":"info","message":"⌛ Validating src/nivel1.wlk","timeElapsed":104,"timestamp":"2025-11-06T00:48:02.286Z"}
{"level":"info","message":"⌛ Validating src/nivel1.wlk","timeElapsed":111,"timestamp":"2025-11-06T00:48:02.504Z"}
{"level":"info","message":"⌛ Validating src/nivel1.wlk","timeElapsed":107,"timestamp":"2025-11-06T00:48:02.612Z"}
{"level":"info","message":"⌛ Validating src/nivel1.wlk","timeElapsed":106,"timestamp":"2025-11-06T00:48:02.813Z"}
{"level":"info","message":"⌛ Validating src/nivel1.wlk","timeElapsed":109,"timestamp":"2025-11-06T00:48:03.019Z"}
{"level":"info","message":"⌛ Validating src/personaje.wlk","timeElapsed":110,"timestamp":"2025-11-06T00:48:09.512Z"}
{"level":"info","message":"⌛ Building environment","timeElapsed":123,"timestamp":"2025-11-06T00:48:38.327Z"}
{"level":"info","message":"⌛ Validating src/menu.wlk","timeElapsed":104,"timestamp":"2025-11-06T00:48:38.433Z"}
{"level":"info","message":"⌛ Validating src/menu.wlk","timeElapsed":103,"timestamp":"2025-11-06T00:48:39.010Z"}
{"level":"info","message":"⌛ Validating src/menu.wlk","timeElapsed":106,"timestamp":"2025-11-06T00:48:39.213Z"}
{"level":"info","message":"⌛ Validating src/menu.wlk","timeElapsed":101,"timestamp":"2025-11-06T00:48:39.917Z"}
{"level":"info","message":"⌛ Validating src/menu.wlk","timeElapsed":116,"timestamp":"2025-11-06T00:48:40.168Z"}
{"level":"info","message":"⌛ Validating src/menu.wlk","timeElapsed":108,"timestamp":"2025-11-06T00:48:40.362Z"}
{"level":"info","message":"⌛ Validating src/menu.wlk","timeElapsed":109,"timestamp":"2025-11-06T00:48:40.534Z"}
{"level":"info","message":"⌛ Building environment","timeElapsed":114,"timestamp":"2025-11-06T00:48:40.656Z"}
{"level":"info","message":"⌛ Validating src/menu.wlk","timeElapsed":116,"timestamp":"2025-11-06T00:48:40.772Z"}
{"level":"info","message":"⌛ Validating src/menu.wlk","timeElapsed":127,"timestamp":"2025-11-06T00:48:40.921Z"}
{"level":"info","message":"⌛ Validating src/menu.wlk","timeElapsed":103,"timestamp":"2025-11-06T00:48:42.294Z"}
{"level":"info","message":"⌛ Validating src/menu.wlk","timeElapsed":122,"timestamp":"2025-11-06T00:48:42.673Z"}
{"level":"info","message":"⌛ Validating src/menu.wlk","timeElapsed":152,"timestamp":"2025-11-06T00:48:44.774Z"}
{"level":"info","message":"⌛ Validating src/menu.wlk","timeElapsed":101,"timestamp":"2025-11-06T00:48:45.333Z"}
{"level":"info","message":"⌛ Validating src/menu.wlk","timeElapsed":101,"timestamp":"2025-11-06T00:48:46.053Z"}
{"level":"info","message":"⌛ Validating src/menu.wlk","timeElapsed":101,"timestamp":"2025-11-06T00:48:46.536Z"}
{"level":"info","message":"⌛ Validating src/menu.wlk","timeElapsed":209,"timestamp":"2025-11-06T00:48:47.687Z"}
{"level":"info","message":"⌛ Validating src/menu.wlk","timeElapsed":108,"timestamp":"2025-11-06T00:48:49.097Z"}
{"level":"info","message":"⌛ Building environment","timeElapsed":115,"timestamp":"2025-11-06T00:48:49.231Z"}
{"level":"info","message":"⌛ Validating src/menu.wlk","timeElapsed":115,"timestamp":"2025-11-06T00:48:49.437Z"}
{"level":"info","message":"⌛ Validating src/menu.wlk","timeElapsed":106,"timestamp":"2025-11-06T00:48:49.543Z"}
{"level":"info","message":"⌛ Validating src/menu.wlk","timeElapsed":103,"timestamp":"2025-11-06T00:48:49.719Z"}
{"level":"info","message":"⌛ Validating src/menu.wlk","timeElapsed":101,"timestamp":"2025-11-06T00:48:50.828Z"}
{"level":"info","message":"⌛ Building environment","timeElapsed":124,"timestamp":"2025-11-06T00:48:51.209Z"}
{"level":"info","message":"⌛ Validating src/menu.wlk","timeElapsed":157,"timestamp":"2025-11-06T00:48:51.374Z"}
{"level":"info","message":"⌛ Building environment","timeElapsed":136,"timestamp":"2025-11-06T00:48:53.465Z"}
{"level":"info","message":"🚀 Program executed \u001b[3m\u001b[34msrc.program.crossyWollok\u001b[39m\u001b[23m on \u001b[3m\u001b[34mc:\\Users\\nquin\\Desktop\\TP GAME\\TP GAME\u001b[39m\u001b[23m","ok":true,"timeElapsed":421,"timestamp":"2025-11-06T00:49:26.992Z"}
{"level":"info","message":"⌛ Validating src/menu.wlk","timeElapsed":109,"timestamp":"2025-11-06T00:50:17.766Z"}
{"level":"info","message":"⌛ Validating src/menu.wlk","timeElapsed":116,"timestamp":"2025-11-06T00:50:18.010Z"}
{"level":"info","message":"⌛ Validating src/menu.wlk","timeElapsed":130,"timestamp":"2025-11-06T00:50:18.322Z"}
{"exitCode":"SIGHUP","level":"info","message":"👾 Game executed src.program.crossyWollok on c:\\Users\\nquin\\Desktop\\TP GAME\\TP GAME","timeElapsed":55666,"timestamp":"2025-11-06T00:50:22.237Z"}
{"level":"info","message":"🚀 Program executed \u001b[3m\u001b[34msrc.program.crossyWollok\u001b[39m\u001b[23m on \u001b[3m\u001b[34mc:\\Users\\nquin\\Desktop\\TP GAME\\TP GAME\u001b[39m\u001b[23m","ok":true,"timeElapsed":410,"timestamp":"2025-11-06T00:50:24.877Z"}
{"exitCode":"SIGHUP","level":"info","message":"👾 Game executed src.program.crossyWollok on c:\\Users\\nquin\\Desktop\\TP GAME\\TP GAME","timeElapsed":2660445,"timestamp":"2025-11-06T01:34:46.899Z"}
{"level":"info","message":"🚀 Program executed \u001b[3m\u001b[34msrc.program.crossyWollok\u001b[39m\u001b[23m on \u001b[3m\u001b[34mc:\\Users\\nquin\\Desktop\\TP GAME\\TP GAME\u001b[39m\u001b[23m","ok":true,"timeElapsed":386,"timestamp":"2025-11-06T01:34:49.761Z"}
{"level":"info","message":"⌛ Validating src/program.wpgm","timeElapsed":143,"timestamp":"2025-11-06T01:35:07.626Z"}
{"level":"info","message":"⌛ Validating src/program.wpgm","timeElapsed":115,"timestamp":"2025-11-06T01:35:07.931Z"}
{"level":"info","message":"⌛ Building environment","timeElapsed":103,"timestamp":"2025-11-06T01:35:08.161Z"}
{"level":"info","message":"⌛ Validating src/program.wpgm","timeElapsed":115,"timestamp":"2025-11-06T01:35:08.276Z"}
{"level":"info","message":"⌛ Validating src/program.wpgm","timeElapsed":101,"timestamp":"2025-11-06T01:35:09.274Z"}
{"level":"info","message":"⌛ Validating src/program.wpgm","timeElapsed":146,"timestamp":"2025-11-06T01:35:09.521Z"}
{"level":"info","message":"⌛ Building environment","timeElapsed":104,"timestamp":"2025-11-06T01:35:49.931Z"}
{"level":"info","message":"⌛ Validating src/menu.wlk","timeElapsed":125,"timestamp":"2025-11-06T01:35:50.058Z"}
{"level":"info","message":"⌛ Validating src/menu.wlk","timeElapsed":107,"timestamp":"2025-11-06T01:35:50.890Z"}
{"level":"info","message":"⌛ Validating src/menu.wlk","timeElapsed":144,"timestamp":"2025-11-06T01:35:51.128Z"}
{"level":"info","message":"⌛ Validating src/menu.wlk","timeElapsed":103,"timestamp":"2025-11-06T01:35:51.381Z"}
{"level":"info","message":"⌛ Validating src/menu.wlk","timeElapsed":103,"timestamp":"2025-11-06T01:35:51.665Z"}
{"level":"info","message":"⌛ Validating src/menu.wlk","timeElapsed":149,"timestamp":"2025-11-06T01:35:51.982Z"}
{"level":"info","message":"⌛ Validating src/menu.wlk","timeElapsed":106,"timestamp":"2025-11-06T01:35:52.089Z"}
{"level":"info","message":"⌛ Validating src/menu.wlk","timeElapsed":104,"timestamp":"2025-11-06T01:35:52.194Z"}
{"level":"info","message":"⌛ Building environment","timeElapsed":102,"timestamp":"2025-11-06T01:35:52.434Z"}
{"level":"info","message":"⌛ Validating src/menu.wlk","timeElapsed":107,"timestamp":"2025-11-06T01:35:52.541Z"}
{"level":"info","message":"⌛ Validating src/menu.wlk","timeElapsed":106,"timestamp":"2025-11-06T01:35:52.713Z"}
{"level":"info","message":"⌛ Validating src/menu.wlk","timeElapsed":101,"timestamp":"2025-11-06T01:35:52.978Z"}
{"level":"info","message":"⌛ Validating src/menu.wlk","timeElapsed":101,"timestamp":"2025-11-06T01:35:53.742Z"}
{"level":"info","message":"⌛ Validating src/menu.wlk","timeElapsed":102,"timestamp":"2025-11-06T01:35:53.968Z"}
{"level":"info","message":"⌛ Building environment","timeElapsed":150,"timestamp":"2025-11-06T01:35:54.118Z"}
{"level":"info","message":"⌛ Building environment","timeElapsed":147,"timestamp":"2025-11-06T01:35:54.341Z"}
{"level":"info","message":"⌛ Building environment","timeElapsed":125,"timestamp":"2025-11-06T01:35:54.467Z"}
{"level":"info","message":"⌛ Validating src/menu.wlk","timeElapsed":109,"timestamp":"2025-11-06T01:35:54.577Z"}
{"level":"info","message":"⌛ Validating src/menu.wlk","timeElapsed":101,"timestamp":"2025-11-06T01:35:54.679Z"}
{"level":"info","message":"⌛ Validating src/menu.wlk","timeElapsed":107,"timestamp":"2025-11-06T01:35:54.791Z"}
{"level":"info","message":"⌛ Validating src/menu.wlk","timeElapsed":102,"timestamp":"2025-11-06T01:35:55.752Z"}
{"level":"info","message":"⌛ Validating src/menu.wlk","timeElapsed":125,"timestamp":"2025-11-06T01:36:09.350Z"}
{"level":"info","message":"⌛ Validating src/menu.wlk","timeElapsed":111,"timestamp":"2025-11-06T01:36:09.596Z"}
{"level":"info","message":"⌛ Validating src/menu.wlk","timeElapsed":104,"timestamp":"2025-11-06T01:36:09.703Z"}
{"level":"info","message":"⌛ Validating src/menu.wlk","timeElapsed":106,"timestamp":"2025-11-06T01:36:10.952Z"}
{"level":"info","message":"⌛ Validating src/menu.wlk","timeElapsed":106,"timestamp":"2025-11-06T01:36:11.191Z"}
{"level":"info","message":"⌛ Validating src/menu.wlk","timeElapsed":114,"timestamp":"2025-11-06T01:36:11.413Z"}
{"level":"info","message":"⌛ Validating src/menu.wlk","timeElapsed":151,"timestamp":"2025-11-06T01:36:11.637Z"}
{"level":"info","message":"⌛ Validating src/menu.wlk","timeElapsed":106,"timestamp":"2025-11-06T01:36:11.822Z"}
{"level":"info","message":"⌛ Validating src/menu.wlk","timeElapsed":126,"timestamp":"2025-11-06T01:36:28.890Z"}
{"level":"info","message":"⌛ Validating src/menu.wlk","timeElapsed":106,"timestamp":"2025-11-06T01:36:31.389Z"}
{"level":"info","message":"⌛ Validating src/menu.wlk","timeElapsed":111,"timestamp":"2025-11-06T01:36:31.695Z"}
{"level":"info","message":"⌛ Validating src/menu.wlk","timeElapsed":113,"timestamp":"2025-11-06T01:36:32.028Z"}
{"level":"info","message":"⌛ Validating src/menu.wlk","timeElapsed":112,"timestamp":"2025-11-06T01:36:32.887Z"}
{"level":"info","message":"⌛ Validating src/menu.wlk","timeElapsed":110,"timestamp":"2025-11-06T01:36:33.631Z"}
{"level":"info","message":"⌛ Building environment","timeElapsed":138,"timestamp":"2025-11-06T01:36:33.771Z"}
{"level":"info","message":"⌛ Validating src/menu.wlk","timeElapsed":109,"timestamp":"2025-11-06T01:36:33.880Z"}
{"exitCode":"SIGHUP","level":"info","message":"👾 Game executed src.program.crossyWollok on c:\\Users\\nquin\\Desktop\\TP GAME\\TP GAME","timeElapsed":107368,"timestamp":"2025-11-06T01:36:36.745Z"}
{"level":"info","message":"🚀 Program executed \u001b[3m\u001b[34msrc.program.crossyWollok\u001b[39m\u001b[23m on \u001b[3m\u001b[34mc:\\Users\\nquin\\Desktop\\TP GAME\\TP GAME\u001b[39m\u001b[23m","ok":true,"timeElapsed":384,"timestamp":"2025-11-06T01:36:39.233Z"}
{"level":"info","message":"⌛ Validating src/program.wpgm","timeElapsed":145,"timestamp":"2025-11-06T01:38:27.646Z"}
{"level":"info","message":"⌛ Validating src/program.wpgm","timeElapsed":127,"timestamp":"2025-11-06T01:38:29.559Z"}
{"level":"info","message":"⌛ Validating src/program.wpgm","timeElapsed":115,"timestamp":"2025-11-06T01:38:29.981Z"}
{"level":"info","message":"⌛ Validating src/program.wpgm","timeElapsed":103,"timestamp":"2025-11-06T01:38:30.156Z"}
{"level":"info","message":"⌛ Validating src/program.wpgm","timeElapsed":104,"timestamp":"2025-11-06T01:38:30.261Z"}
{"level":"info","message":"⌛ Validating src/program.wpgm","timeElapsed":105,"timestamp":"2025-11-06T01:38:30.372Z"}
{"level":"info","message":"⌛ Validating src/program.wpgm","timeElapsed":106,"timestamp":"2025-11-06T01:38:30.616Z"}
{"level":"info","message":"⌛ Validating src/program.wpgm","timeElapsed":141,"timestamp":"2025-11-06T01:38:30.832Z"}
{"level":"info","message":"⌛ Validating src/program.wpgm","timeElapsed":104,"timestamp":"2025-11-06T01:38:31.033Z"}
{"level":"info","message":"⌛ Validating src/program.wpgm","timeElapsed":101,"timestamp":"2025-11-06T01:38:31.198Z"}
{"level":"info","message":"⌛ Validating src/program.wpgm","timeElapsed":111,"timestamp":"2025-11-06T01:38:31.530Z"}
{"level":"info","message":"⌛ Building environment","timeElapsed":104,"timestamp":"2025-11-06T01:38:31.780Z"}
{"level":"info","message":"⌛ Validating src/program.wpgm","timeElapsed":107,"timestamp":"2025-11-06T01:38:31.920Z"}
{"level":"info","message":"⌛ Validating src/program.wpgm","timeElapsed":102,"timestamp":"2025-11-06T01:38:32.101Z"}
{"level":"info","message":"⌛ Validating src/program.wpgm","timeElapsed":129,"timestamp":"2025-11-06T01:38:32.777Z"}
{"level":"info","message":"⌛ Validating src/program.wpgm","timeElapsed":103,"timestamp":"2025-11-06T01:38:32.974Z"}
{"level":"info","message":"⌛ Validating src/program.wpgm","timeElapsed":106,"timestamp":"2025-11-06T01:38:33.528Z"}
{"level":"info","message":"⌛ Validating src/program.wpgm","timeElapsed":110,"timestamp":"2025-11-06T01:38:33.804Z"}
{"level":"info","message":"⌛ Validating src/program.wpgm","timeElapsed":115,"timestamp":"2025-11-06T01:38:34.216Z"}
{"level":"info","message":"⌛ Validating src/program.wpgm","timeElapsed":146,"timestamp":"2025-11-06T01:38:34.362Z"}
{"level":"info","message":"⌛ Validating src/program.wpgm","timeElapsed":116,"timestamp":"2025-11-06T01:38:34.479Z"}
{"level":"info","message":"⌛ Validating src/program.wpgm","timeElapsed":103,"timestamp":"2025-11-06T01:38:34.842Z"}
{"level":"info","message":"⌛ Validating src/program.wpgm","timeElapsed":103,"timestamp":"2025-11-06T01:38:35.014Z"}
{"level":"info","message":"⌛ Validating src/program.wpgm","timeElapsed":106,"timestamp":"2025-11-06T01:38:35.229Z"}
{"level":"info","message":"⌛ Validating src/program.wpgm","timeElapsed":106,"timestamp":"2025-11-06T01:38:35.402Z"}
{"level":"info","message":"⌛ Validating src/program.wpgm","timeElapsed":104,"timestamp":"2025-11-06T01:38:35.571Z"}
{"level":"info","message":"⌛ Building environment","timeElapsed":137,"timestamp":"2025-11-06T01:38:35.709Z"}
{"level":"info","message":"⌛ Validating src/program.wpgm","timeElapsed":115,"timestamp":"2025-11-06T01:38:35.891Z"}
{"level":"info","message":"⌛ Validating src/program.wpgm","timeElapsed":110,"timestamp":"2025-11-06T01:38:36.238Z"}
{"level":"info","message":"⌛ Validating src/program.wpgm","timeElapsed":119,"timestamp":"2025-11-06T01:38:36.359Z"}
{"level":"info","message":"⌛ Building environment","timeElapsed":107,"timestamp":"2025-11-06T01:38:36.622Z"}
{"level":"info","message":"⌛ Validating src/program.wpgm","timeElapsed":111,"timestamp":"2025-11-06T01:38:36.734Z"}
{"exitCode":"SIGHUP","level":"info","message":"👾 Game executed src.program.crossyWollok on c:\\Users\\nquin\\Desktop\\TP GAME\\TP GAME","timeElapsed":120811,"timestamp":"2025-11-06T01:38:39.660Z"}
{"level":"info","message":"🚀 Program executed \u001b[3m\u001b[34msrc.program.crossyWollok\u001b[39m\u001b[23m on \u001b[3m\u001b[34mc:\\Users\\nquin\\Desktop\\TP GAME\\TP GAME\u001b[39m\u001b[23m","ok":true,"timeElapsed":431,"timestamp":"2025-11-06T01:38:42.300Z"}
{"exitCode":0,"level":"info","message":"👾 Game executed src.program.crossyWollok on c:\\Users\\nquin\\Desktop\\TP GAME\\TP GAME","timeElapsed":11548,"timestamp":"2025-11-06T01:38:53.418Z"}
{"level":"info","message":"⌛ Validating src/program.wpgm","timeElapsed":104,"timestamp":"2025-11-06T01:38:58.008Z"}
{"level":"info","message":"⌛ Validating src/program.wpgm","timeElapsed":127,"timestamp":"2025-11-06T01:38:58.392Z"}
{"level":"info","message":"⌛ Validating src/program.wpgm","timeElapsed":113,"timestamp":"2025-11-06T01:39:16.188Z"}
{"level":"info","message":"⌛ Validating src/program.wpgm","timeElapsed":104,"timestamp":"2025-11-06T01:39:17.274Z"}
{"level":"info","message":"⌛ Validating src/menu.wlk","timeElapsed":129,"timestamp":"2025-11-06T01:39:21.981Z"}
{"level":"info","message":"⌛ Validating src/menu.wlk","timeElapsed":168,"timestamp":"2025-11-06T01:39:23.586Z"}
{"level":"info","message":"⌛ Validating src/menu.wlk","timeElapsed":124,"timestamp":"2025-11-06T01:39:24.093Z"}
{"level":"info","message":"⌛ Validating src/menu.wlk","timeElapsed":106,"timestamp":"2025-11-06T01:39:24.199Z"}
{"level":"info","message":"⌛ Validating src/menu.wlk","timeElapsed":103,"timestamp":"2025-11-06T01:39:24.310Z"}
{"level":"info","message":"⌛ Validating src/menu.wlk","timeElapsed":109,"timestamp":"2025-11-06T01:39:24.420Z"}
{"level":"info","message":"⌛ Validating src/menu.wlk","timeElapsed":109,"timestamp":"2025-11-06T01:39:24.596Z"}
{"level":"info","message":"⌛ Validating src/menu.wlk","timeElapsed":119,"timestamp":"2025-11-06T01:39:24.945Z"}
{"level":"info","message":"⌛ Validating src/menu.wlk","timeElapsed":120,"timestamp":"2025-11-06T01:39:25.142Z"}
{"level":"info","message":"⌛ Validating src/menu.wlk","timeElapsed":120,"timestamp":"2025-11-06T01:39:25.406Z"}
{"level":"info","message":"⌛ Validating src/menu.wlk","timeElapsed":185,"timestamp":"2025-11-06T01:39:25.591Z"}
{"level":"info","message":"⌛ Building environment","timeElapsed":129,"timestamp":"2025-11-06T01:39:25.870Z"}
{"level":"info","message":"⌛ Validating src/menu.wlk","timeElapsed":123,"timestamp":"2025-11-06T01:39:26.053Z"}
{"level":"info","message":"⌛ Validating src/menu.wlk","timeElapsed":102,"timestamp":"2025-11-06T01:39:26.155Z"}
{"level":"info","message":"⌛ Validating src/menu.wlk","timeElapsed":108,"timestamp":"2025-11-06T01:39:26.359Z"}
{"level":"info","message":"⌛ Validating src/menu.wlk","timeElapsed":108,"timestamp":"2025-11-06T01:39:26.467Z"}
{"level":"info","message":"⌛ Validating src/menu.wlk","timeElapsed":109,"timestamp":"2025-11-06T01:39:26.647Z"}
{"level":"info","message":"⌛ Building environment","timeElapsed":126,"timestamp":"2025-11-06T01:39:26.792Z"}
{"level":"info","message":"⌛ Validating src/menu.wlk","timeElapsed":114,"timestamp":"2025-11-06T01:39:26.986Z"}
{"level":"info","message":"⌛ Validating src/menu.wlk","timeElapsed":123,"timestamp":"2025-11-06T01:39:27.243Z"}
{"level":"info","message":"⌛ Validating src/menu.wlk","timeElapsed":117,"timestamp":"2025-11-06T01:39:27.419Z"}
{"level":"info","message":"⌛ Validating src/menu.wlk","timeElapsed":102,"timestamp":"2025-11-06T01:39:27.521Z"}
{"level":"info","message":"⌛ Validating src/menu.wlk","timeElapsed":173,"timestamp":"2025-11-06T01:39:27.798Z"}
{"level":"info","message":"⌛ Validating src/menu.wlk","timeElapsed":112,"timestamp":"2025-11-06T01:39:35.588Z"}
{"level":"info","message":"⌛ Validating src/menu.wlk","timeElapsed":111,"timestamp":"2025-11-06T01:39:35.771Z"}
{"level":"info","message":"🚀 Program executed \u001b[3m\u001b[34msrc.program.crossyWollok\u001b[39m\u001b[23m on \u001b[3m\u001b[34mc:\\Users\\nquin\\Desktop\\TP GAME\\TP GAME\u001b[39m\u001b[23m","ok":true,"timeElapsed":476,"timestamp":"2025-11-06T01:39:54.699Z"}
{"level":"info","message":"🚀 Program executed \u001b[3m\u001b[34msrc.program.crossyWollok\u001b[39m\u001b[23m on \u001b[3m\u001b[34mc:\\Users\\nquin\\Desktop\\TP GAME\\TP GAME\u001b[39m\u001b[23m","ok":true,"timeElapsed":413,"timestamp":"2025-11-06T01:45:05.194Z"}
{"exitCode":"SIGHUP","level":"info","message":"👾 Game executed src.program.crossyWollok on c:\\Users\\nquin\\Desktop\\TP GAME\\TP GAME","timeElapsed":68682,"timestamp":"2025-11-06T01:46:13.463Z"}
{"level":"info","message":"🚀 Program executed \u001b[3m\u001b[34msrc.program.crossyWollok\u001b[39m\u001b[23m on \u001b[3m\u001b[34mc:\\Users\\nquin\\Desktop\\TP GAME\\TP GAME\u001b[39m\u001b[23m","ok":true,"timeElapsed":392,"timestamp":"2025-11-06T01:46:15.986Z"}
{"exitCode":"SIGHUP","level":"info","message":"👾 Game executed src.program.crossyWollok on c:\\Users\\nquin\\Desktop\\TP GAME\\TP GAME","timeElapsed":13944,"timestamp":"2025-11-06T01:46:29.538Z"}
{"level":"info","message":"🚀 Program executed \u001b[3m\u001b[34msrc.program.crossyWollok\u001b[39m\u001b[23m on \u001b[3m\u001b[34mc:\\Users\\nquin\\Desktop\\TP GAME\\TP GAME\u001b[39m\u001b[23m","ok":true,"timeElapsed":419,"timestamp":"2025-11-06T01:46:32.173Z"}
{"exitCode":"SIGHUP","level":"info","message":"👾 Game executed src.program.crossyWollok on c:\\Users\\nquin\\Desktop\\TP GAME\\TP GAME","timeElapsed":144580,"timestamp":"2025-11-06T01:48:56.334Z"}
{"level":"info","message":"🚀 Program executed \u001b[3m\u001b[34msrc.program.crossyWollok\u001b[39m\u001b[23m on \u001b[3m\u001b[34mc:\\Users\\nquin\\Desktop\\TP GAME\\TP GAME\u001b[39m\u001b[23m","ok":true,"timeElapsed":389,"timestamp":"2025-11-06T01:48:58.939Z"}
{"exitCode":"SIGHUP","level":"info","message":"👾 Game executed src.program.crossyWollok on c:\\Users\\nquin\\Desktop\\TP GAME\\TP GAME","timeElapsed":20209,"timestamp":"2025-11-06T01:49:18.760Z"}
{"level":"info","message":"🚀 Program executed \u001b[3m\u001b[34msrc.program.crossyWollok\u001b[39m\u001b[23m on \u001b[3m\u001b[34mc:\\Users\\nquin\\Desktop\\TP GAME\\TP GAME\u001b[39m\u001b[23m","ok":true,"timeElapsed":391,"timestamp":"2025-11-06T01:49:21.488Z"}
{"exitCode":"SIGHUP","level":"info","message":"👾 Game executed src.program.crossyWollok on c:\\Users\\nquin\\Desktop\\TP GAME\\TP GAME","timeElapsed":36539,"timestamp":"2025-11-06T01:49:57.636Z"}
{"level":"info","message":"🚀 Program executed \u001b[3m\u001b[34msrc.program.crossyWollok\u001b[39m\u001b[23m on \u001b[3m\u001b[34mc:\\Users\\nquin\\Desktop\\TP GAME\\TP GAME\u001b[39m\u001b[23m","ok":true,"timeElapsed":470,"timestamp":"2025-11-06T01:50:00.375Z"}
{"exitCode":"SIGHUP","level":"info","message":"👾 Game executed src.program.crossyWollok on c:\\Users\\nquin\\Desktop\\TP GAME\\TP GAME","timeElapsed":231869,"timestamp":"2025-11-06T01:53:51.773Z"}
{"level":"info","message":"🚀 Program executed \u001b[3m\u001b[34msrc.program.crossyWollok\u001b[39m\u001b[23m on \u001b[3m\u001b[34mc:\\Users\\nquin\\Desktop\\TP GAME\\TP GAME\u001b[39m\u001b[23m","ok":true,"timeElapsed":445,"timestamp":"2025-11-06T01:53:54.320Z"}
{"exitCode":"SIGHUP","level":"info","message":"👾 Game executed src.program.crossyWollok on c:\\Users\\nquin\\Desktop\\TP GAME\\TP GAME","timeElapsed":25386,"timestamp":"2025-11-06T01:54:19.261Z"}
{"level":"info","message":"🚀 Program executed \u001b[3m\u001b[34msrc.program.crossyWollok\u001b[39m\u001b[23m on \u001b[3m\u001b[34mc:\\Users\\nquin\\Desktop\\TP GAME\\TP GAME\u001b[39m\u001b[23m","ok":true,"timeElapsed":393,"timestamp":"2025-11-06T01:54:21.759Z"}
{"exitCode":"SIGHUP","level":"info","message":"👾 Game executed src.program.crossyWollok on c:\\Users\\nquin\\Desktop\\TP GAME\\TP GAME","timeElapsed":1210933,"timestamp":"2025-11-06T02:14:32.298Z"}
{"level":"info","message":"🚀 Program executed \u001b[3m\u001b[34msrc.program.crossyWollok\u001b[39m\u001b[23m on \u001b[3m\u001b[34mc:\\Users\\nquin\\Desktop\\TP GAME\\TP GAME\u001b[39m\u001b[23m","ok":true,"timeElapsed":377,"timestamp":"2025-11-06T02:14:35.009Z"}
{"exitCode":"SIGHUP","level":"info","message":"👾 Game executed src.program.crossyWollok on c:\\Users\\nquin\\Desktop\\TP GAME\\TP GAME","timeElapsed":283329,"timestamp":"2025-11-06T02:19:17.962Z"}
{"level":"info","message":"🚀 Program executed \u001b[3m\u001b[34msrc.program.crossyWollok\u001b[39m\u001b[23m on \u001b[3m\u001b[34mc:\\Users\\nquin\\Desktop\\TP GAME\\TP GAME\u001b[39m\u001b[23m","ok":true,"timeElapsed":437,"timestamp":"2025-11-06T02:19:20.945Z"}
{"exitCode":"SIGHUP","level":"info","message":"👾 Game executed src.program.crossyWollok on c:\\Users\\nquin\\Desktop\\TP GAME\\TP GAME","timeElapsed":1446834,"timestamp":"2025-11-06T02:43:27.342Z"}
{"level":"info","message":"🚀 Program executed \u001b[3m\u001b[34msrc.program.crossyWollok\u001b[39m\u001b[23m on \u001b[3m\u001b[34mc:\\Users\\nquin\\Desktop\\TP GAME\\TP GAME\u001b[39m\u001b[23m","ok":true,"timeElapsed":475,"timestamp":"2025-11-06T02:43:30.191Z"}
{"exitCode":"SIGHUP","level":"info","message":"👾 Game executed src.program.crossyWollok on c:\\Users\\nquin\\Desktop\\TP GAME\\TP GAME","timeElapsed":796827,"timestamp":"2025-11-06T02:56:46.543Z"}
{"level":"info","message":"🚀 Program executed \u001b[3m\u001b[34msrc.program.crossyWollok\u001b[39m\u001b[23m on \u001b[3m\u001b[34mc:\\Users\\nquin\\Desktop\\TP GAME\\TP GAME\u001b[39m\u001b[23m","ok":true,"timeElapsed":424,"timestamp":"2025-11-06T02:56:49.476Z"}
{"exitCode":"SIGHUP","level":"info","message":"👾 Game executed src.program.crossyWollok on c:\\Users\\nquin\\Desktop\\TP GAME\\TP GAME","timeElapsed":1281037,"timestamp":"2025-11-06T03:18:10.091Z"}
{"level":"info","message":"🚀 Program executed \u001b[3m\u001b[34msrc.program.crossyWollok\u001b[39m\u001b[23m on \u001b[3m\u001b[34mc:\\Users\\nquin\\Desktop\\TP GAME\\TP GAME\u001b[39m\u001b[23m","ok":true,"timeElapsed":454,"timestamp":"2025-11-06T03:18:13.440Z"}
{"exitCode":"SIGHUP","level":"info","message":"👾 Game executed src.program.crossyWollok on c:\\Users\\nquin\\Desktop\\TP GAME\\TP GAME","timeElapsed":437962,"timestamp":"2025-11-06T03:25:30.950Z"}
{"level":"info","message":"🚀 Program executed \u001b[3m\u001b[34msrc.program.crossyWollok\u001b[39m\u001b[23m on \u001b[3m\u001b[34mc:\\Users\\nquin\\Desktop\\TP GAME\\TP GAME\u001b[39m\u001b[23m","ok":true,"timeElapsed":502,"timestamp":"2025-11-06T03:25:34.560Z"}
{"exitCode":"SIGHUP","level":"info","message":"👾 Game executed src.program.crossyWollok on c:\\Users\\nquin\\Desktop\\TP GAME\\TP GAME","timeElapsed":122340,"timestamp":"2025-11-06T03:27:36.399Z"}
{"level":"info","message":"🚀 Program executed \u001b[3m\u001b[34msrc.program.crossyWollok\u001b[39m\u001b[23m on \u001b[3m\u001b[34mc:\\Users\\nquin\\Desktop\\TP GAME\\TP GAME\u001b[39m\u001b[23m","ok":true,"timeElapsed":848,"timestamp":"2025-11-06T03:27:40.926Z"}
{"exitCode":"SIGHUP","level":"info","message":"👾 Game executed src.program.crossyWollok on c:\\Users\\nquin\\Desktop\\TP GAME\\TP GAME","timeElapsed":95475,"timestamp":"2025-11-06T03:29:15.552Z"}
{"level":"info","message":"🚀 Program executed \u001b[3m\u001b[34msrc.program.crossyWollok\u001b[39m\u001b[23m on \u001b[3m\u001b[34mc:\\Users\\nquin\\Desktop\\TP GAME\\TP GAME\u001b[39m\u001b[23m","ok":true,"timeElapsed":592,"timestamp":"2025-11-06T03:29:18.697Z"}
{"exitCode":"SIGHUP","level":"info","message":"👾 Game executed src.program.crossyWollok on c:\\Users\\nquin\\Desktop\\TP GAME\\TP GAME","timeElapsed":11131506,"timestamp":"2025-11-06T06:34:49.607Z"}
{"level":"info","message":"🚀 Program executed \u001b[3m\u001b[34msrc.program.crossyWollok\u001b[39m\u001b[23m on \u001b[3m\u001b[34mc:\\Users\\nquin\\Desktop\\TP GAME\\TP GAME\u001b[39m\u001b[23m","ok":true,"timeElapsed":467,"timestamp":"2025-11-06T06:34:55.683Z"}
{"exitCode":"SIGHUP","level":"info","message":"👾 Game executed src.program.crossyWollok on c:\\Users\\nquin\\Desktop\\TP GAME\\TP GAME","timeElapsed":334056,"timestamp":"2025-11-06T06:40:29.273Z"}
{"error":["wollok.lang.EvaluationError: Error: Could not resolve reference to tecladoMenu","  at Reference [src/configTeclado.wlk:7]"],"level":"info","message":"🚀 Program executed \u001b[3m\u001b[34msrc.program.crossyWollok\u001b[39m\u001b[23m on \u001b[3m\u001b[34mc:\\Users\\nquin\\Desktop\\TP GAME\\TP GAME\u001b[39m\u001b[23m","ok":false,"timeElapsed":338,"timestamp":"2025-11-06T06:40:31.881Z"}
{"level":"info","message":"🚀 Program executed \u001b[3m\u001b[34msrc.program.crossyWollok\u001b[39m\u001b[23m on \u001b[3m\u001b[34mc:\\Users\\nquin\\Desktop\\TP GAME\\TP GAME\u001b[39m\u001b[23m","ok":true,"timeElapsed":411,"timestamp":"2025-11-06T06:53:37.747Z"}
{"exitCode":0,"level":"info","message":"👾 Game executed src.program.crossyWollok on c:\\Users\\nquin\\Desktop\\TP GAME\\TP GAME","timeElapsed":20187,"timestamp":"2025-11-06T06:53:57.523Z"}
{"level":"info","message":"🚀 Program executed \u001b[3m\u001b[34msrc.program.crossyWollok\u001b[39m\u001b[23m on \u001b[3m\u001b[34mc:\\Users\\nquin\\Desktop\\TP GAME\\TP GAME\u001b[39m\u001b[23m","ok":true,"timeElapsed":409,"timestamp":"2025-11-06T06:54:26.507Z"}
{"exitCode":"SIGHUP","level":"info","message":"👾 Game executed src.program.crossyWollok on c:\\Users\\nquin\\Desktop\\TP GAME\\TP GAME","timeElapsed":34826,"timestamp":"2025-11-06T06:55:00.925Z"}
{"level":"info","message":"🚀 Program executed \u001b[3m\u001b[34msrc.program.crossyWollok\u001b[39m\u001b[23m on \u001b[3m\u001b[34mc:\\Users\\nquin\\Desktop\\TP GAME\\TP GAME\u001b[39m\u001b[23m","ok":true,"timeElapsed":400,"timestamp":"2025-11-06T06:55:03.622Z"}
{"exitCode":0,"level":"info","message":"👾 Game executed src.program.crossyWollok on c:\\Users\\nquin\\Desktop\\TP GAME\\TP GAME","timeElapsed":8875,"timestamp":"2025-11-06T06:55:12.097Z"}
{"level":"info","message":"🚀 Program executed \u001b[3m\u001b[34msrc.program.crossyWollok\u001b[39m\u001b[23m on \u001b[3m\u001b[34mc:\\Users\\nquin\\Desktop\\TP GAME\\TP GAME\u001b[39m\u001b[23m","ok":true,"timeElapsed":404,"timestamp":"2025-11-06T06:57:06.296Z"}
{"exitCode":0,"level":"info","message":"👾 Game executed src.program.crossyWollok on c:\\Users\\nquin\\Desktop\\TP GAME\\TP GAME","timeElapsed":19776,"timestamp":"2025-11-06T06:57:25.668Z"}
{"level":"info","message":"🚀 Program executed \u001b[3m\u001b[34msrc.program.crossyWollok\u001b[39m\u001b[23m on \u001b[3m\u001b[34mc:\\Users\\nquin\\Desktop\\TP GAME\\TP GAME\u001b[39m\u001b[23m","ok":true,"timeElapsed":374,"timestamp":"2025-11-06T06:57:39.330Z"}
{"exitCode":"SIGHUP","level":"info","message":"👾 Game executed src.program.crossyWollok on c:\\Users\\nquin\\Desktop\\TP GAME\\TP GAME","timeElapsed":56973,"timestamp":"2025-11-06T06:58:35.930Z"}
{"level":"info","message":"🚀 Program executed \u001b[3m\u001b[34msrc.program.crossyWollok\u001b[39m\u001b[23m on \u001b[3m\u001b[34mc:\\Users\\nquin\\Desktop\\TP GAME\\TP GAME\u001b[39m\u001b[23m","ok":true,"timeElapsed":391,"timestamp":"2025-11-06T06:58:39.573Z"}
{"exitCode":"SIGHUP","level":"info","message":"👾 Game executed src.program.crossyWollok on c:\\Users\\nquin\\Desktop\\TP GAME\\TP GAME","timeElapsed":35007,"timestamp":"2025-11-06T06:59:14.190Z"}
{"level":"info","message":"🚀 Program executed \u001b[3m\u001b[34msrc.program.crossyWollok\u001b[39m\u001b[23m on \u001b[3m\u001b[34mc:\\Users\\nquin\\Desktop\\TP GAME\\TP GAME\u001b[39m\u001b[23m","ok":true,"timeElapsed":728,"timestamp":"2025-11-06T06:59:17.274Z"}
{"exitCode":0,"level":"info","message":"👾 Game executed src.program.crossyWollok on c:\\Users\\nquin\\Desktop\\TP GAME\\TP GAME","timeElapsed":13704,"timestamp":"2025-11-06T06:59:30.250Z"}
{"level":"info","message":"🚀 Program executed \u001b[3m\u001b[34msrc.program.crossyWollok\u001b[39m\u001b[23m on \u001b[3m\u001b[34mc:\\Users\\nquin\\Desktop\\TP GAME\\TP GAME\u001b[39m\u001b[23m","ok":true,"timeElapsed":413,"timestamp":"2025-11-06T06:59:48.859Z"}
{"exitCode":0,"level":"info","message":"👾 Game executed src.program.crossyWollok on c:\\Users\\nquin\\Desktop\\TP GAME\\TP GAME","timeElapsed":14173,"timestamp":"2025-11-06T07:00:02.620Z"}
{"level":"info","message":"🚀 Program executed \u001b[3m\u001b[34msrc.program.crossyWollok\u001b[39m\u001b[23m on \u001b[3m\u001b[34mc:\\Users\\nquin\\Desktop\\TP GAME\\TP GAME\u001b[39m\u001b[23m","ok":true,"timeElapsed":700,"timestamp":"2025-11-06T07:00:25.741Z"}
{"exitCode":"SIGINT","level":"info","message":"👾 Game executed src.program.crossyWollok on c:\\Users\\nquin\\Desktop\\TP GAME\\TP GAME","timeElapsed":5074,"timestamp":"2025-11-06T07:00:30.115Z"}
{"level":"info","message":"🚀 Program executed \u001b[3m\u001b[34msrc.program.crossyWollok\u001b[39m\u001b[23m on \u001b[3m\u001b[34mc:\\Users\\nquin\\Desktop\\TP GAME\\TP GAME\u001b[39m\u001b[23m","ok":true,"timeElapsed":506,"timestamp":"2025-11-06T07:00:44.357Z"}
{"exitCode":"SIGHUP","level":"info","message":"👾 Game executed src.program.crossyWollok on c:\\Users\\nquin\\Desktop\\TP GAME\\TP GAME","timeElapsed":24751,"timestamp":"2025-11-06T07:01:08.602Z"}
{"level":"info","message":"🚀 Program executed \u001b[3m\u001b[34msrc.program.crossyWollok\u001b[39m\u001b[23m on \u001b[3m\u001b[34mc:\\Users\\nquin\\Desktop\\TP GAME\\TP GAME\u001b[39m\u001b[23m","ok":true,"timeElapsed":420,"timestamp":"2025-11-06T07:01:11.290Z"}
{"exitCode":0,"level":"info","message":"👾 Game executed src.program.crossyWollok on c:\\Users\\nquin\\Desktop\\TP GAME\\TP GAME","timeElapsed":8632,"timestamp":"2025-11-06T07:01:19.502Z"}
{"level":"info","message":"🚀 Program executed \u001b[3m\u001b[34msrc.program.crossyWollok\u001b[39m\u001b[23m on \u001b[3m\u001b[34mc:\\Users\\nquin\\Desktop\\TP GAME\\TP GAME\u001b[39m\u001b[23m","ok":true,"timeElapsed":414,"timestamp":"2025-11-06T07:12:12.148Z"}
{"exitCode":0,"level":"info","message":"👾 Game executed src.program.crossyWollok on c:\\Users\\nquin\\Desktop\\TP GAME\\TP GAME","timeElapsed":15413,"timestamp":"2025-11-06T07:12:27.147Z"}
{"level":"info","message":"🚀 Program executed \u001b[3m\u001b[34msrc.program.crossyWollok\u001b[39m\u001b[23m on \u001b[3m\u001b[34mc:\\Users\\nquin\\Desktop\\TP GAME\\TP GAME\u001b[39m\u001b[23m","ok":true,"timeElapsed":411,"timestamp":"2025-11-06T07:13:02.221Z"}
{"exitCode":"SIGHUP","level":"info","message":"👾 Game executed src.program.crossyWollok on c:\\Users\\nquin\\Desktop\\TP GAME\\TP GAME","timeElapsed":31486,"timestamp":"2025-11-06T07:13:33.295Z"}
{"level":"info","message":"🚀 Program executed \u001b[3m\u001b[34msrc.program.crossyWollok\u001b[39m\u001b[23m on \u001b[3m\u001b[34mc:\\Users\\nquin\\Desktop\\TP GAME\\TP GAME\u001b[39m\u001b[23m","ok":true,"timeElapsed":387,"timestamp":"2025-11-06T07:13:35.982Z"}
{"exitCode":"SIGHUP","level":"info","message":"👾 Game executed src.program.crossyWollok on c:\\Users\\nquin\\Desktop\\TP GAME\\TP GAME","timeElapsed":37878,"timestamp":"2025-11-06T07:14:13.472Z"}
{"level":"info","message":"🚀 Program executed \u001b[3m\u001b[34msrc.program.crossyWollok\u001b[39m\u001b[23m on \u001b[3m\u001b[34mc:\\Users\\nquin\\Desktop\\TP GAME\\TP GAME\u001b[39m\u001b[23m","ok":true,"timeElapsed":435,"timestamp":"2025-11-06T07:14:16.298Z"}
{"exitCode":0,"level":"info","message":"👾 Game executed src.program.crossyWollok on c:\\Users\\nquin\\Desktop\\TP GAME\\TP GAME","timeElapsed":14055,"timestamp":"2025-11-06T07:14:29.918Z"}
{"level":"info","message":"🚀 Program executed \u001b[3m\u001b[34msrc.program.crossyWollok\u001b[39m\u001b[23m on \u001b[3m\u001b[34mc:\\Users\\nquin\\Desktop\\TP GAME\\TP GAME\u001b[39m\u001b[23m","ok":true,"timeElapsed":538,"timestamp":"2025-11-06T07:15:56.155Z"}
{"exitCode":"SIGHUP","level":"info","message":"👾 Game executed src.program.crossyWollok on c:\\Users\\nquin\\Desktop\\TP GAME\\TP GAME","timeElapsed":50359,"timestamp":"2025-11-06T07:16:45.975Z"}
{"level":"info","message":"🚀 Program executed \u001b[3m\u001b[34msrc.program.crossyWollok\u001b[39m\u001b[23m on \u001b[3m\u001b[34mc:\\Users\\nquin\\Desktop\\TP GAME\\TP GAME\u001b[39m\u001b[23m","ok":true,"timeElapsed":445,"timestamp":"2025-11-06T07:16:48.783Z"}
{"exitCode":"SIGHUP","level":"info","message":"👾 Game executed src.program.crossyWollok on c:\\Users\\nquin\\Desktop\\TP GAME\\TP GAME","timeElapsed":133800,"timestamp":"2025-11-06T07:19:02.137Z"}
{"level":"info","message":"🚀 Program executed \u001b[3m\u001b[34msrc.program.crossyWollok\u001b[39m\u001b[23m on \u001b[3m\u001b[34mc:\\Users\\nquin\\Desktop\\TP GAME\\TP GAME\u001b[39m\u001b[23m","ok":true,"timeElapsed":440,"timestamp":"2025-11-06T07:19:05.575Z"}
{"exitCode":"SIGINT","level":"info","message":"👾 Game executed src.program.crossyWollok on c:\\Users\\nquin\\Desktop\\TP GAME\\TP GAME","timeElapsed":2950,"timestamp":"2025-11-06T07:19:08.085Z"}
{"level":"info","message":"🚀 Program executed \u001b[3m\u001b[34msrc.program.crossyWollok\u001b[39m\u001b[23m on \u001b[3m\u001b[34mc:\\Users\\nquin\\Desktop\\TP GAME\\TP GAME\u001b[39m\u001b[23m","ok":true,"timeElapsed":413,"timestamp":"2025-11-06T07:19:16.957Z"}
{"exitCode":0,"level":"info","message":"👾 Game executed src.program.crossyWollok on c:\\Users\\nquin\\Desktop\\TP GAME\\TP GAME","timeElapsed":9495,"timestamp":"2025-11-06T07:19:26.039Z"}
{"level":"info","message":"🚀 Program executed \u001b[3m\u001b[34msrc.program.crossyWollok\u001b[39m\u001b[23m on \u001b[3m\u001b[34mc:\\Users\\nquin\\Desktop\\TP GAME\\TP GAME\u001b[39m\u001b[23m","ok":true,"timeElapsed":467,"timestamp":"2025-11-06T07:23:13.379Z"}
{"exitCode":"SIGHUP","level":"info","message":"👾 Game executed src.program.crossyWollok on c:\\Users\\nquin\\Desktop\\TP GAME\\TP GAME","timeElapsed":80635,"timestamp":"2025-11-06T07:24:33.547Z"}
{"level":"info","message":"🚀 Program executed \u001b[3m\u001b[34msrc.program.crossyWollok\u001b[39m\u001b[23m on \u001b[3m\u001b[34mc:\\Users\\nquin\\Desktop\\TP GAME\\TP GAME\u001b[39m\u001b[23m","ok":true,"timeElapsed":462,"timestamp":"2025-11-06T07:24:36.346Z"}
{"exitCode":"SIGHUP","level":"info","message":"👾 Game executed src.program.crossyWollok on c:\\Users\\nquin\\Desktop\\TP GAME\\TP GAME","timeElapsed":59253,"timestamp":"2025-11-06T07:25:35.137Z"}
{"level":"info","message":"🚀 Program executed \u001b[3m\u001b[34msrc.program.crossyWollok\u001b[39m\u001b[23m on \u001b[3m\u001b[34mc:\\Users\\nquin\\Desktop\\TP GAME\\TP GAME\u001b[39m\u001b[23m","ok":true,"timeElapsed":397,"timestamp":"2025-11-06T07:25:37.923Z"}
{"exitCode":"SIGHUP","level":"info","message":"👾 Game executed src.program.crossyWollok on c:\\Users\\nquin\\Desktop\\TP GAME\\TP GAME","timeElapsed":512816,"timestamp":"2025-11-06T07:34:10.345Z"}
{"error":["Error: Failed to parse src/menu.wlk: ","-- PARSING FAILED --------------------------------------------------","  28 |    nivel2.iniciar()","  29 |     }","> 30 |    })","  |    ^","  31 | ","  32 |  method ocultarMenu() {","Expected one of the following: ","' ', '@', 'class', 'const', 'describe', 'mixin', 'object', 'only', 'package', 'program', 'test', 'var', '{', EOF, comment, not \"}\", whitespace","  at C:\\Users\\nquin\\AppData\\Roaming\\npm\\node_modules\\wollok-ts-cli\\src\\index.ts:24:13","  at Array.map (<anonymous>)","  at buildEnvironment (C:\\Users\\nquin\\AppData\\Roaming\\npm\\node_modules\\wollok-ts-cli\\src\\index.ts:20:21)","  at buildEnvironmentForProject (C:\\Users\\nquin\\AppData\\Roaming\\npm\\node_modules\\wollok-ts-cli\\src\\utils.ts:117:32)","  at async buildEnvironmentCommand (C:\\Users\\nquin\\AppData\\Roaming\\npm\\node_modules\\wollok-ts-cli\\src\\utils.ts:140:23)","  at async default_1 (C:\\Users\\nquin\\AppData\\Roaming\\npm\\node_modules\\wollok-ts-cli\\src\\commands\\run.ts:29:25"],"level":"info","message":"🚀 Program executed \u001b[3m\u001b[34msrc.program.crossyWollok\u001b[39m\u001b[23m on \u001b[3m\u001b[34mc:\\Users\\nquin\\Desktop\\TP GAME\\TP GAME\u001b[39m\u001b[23m","ok":false,"timeElapsed":191,"timestamp":"2025-11-06T07:34:13.666Z"}
{"level":"info","message":"🚀 Program executed \u001b[3m\u001b[34msrc.program.crossyWollok\u001b[39m\u001b[23m on \u001b[3m\u001b[34mc:\\Users\\nquin\\Desktop\\TP GAME\\TP GAME\u001b[39m\u001b[23m","ok":true,"timeElapsed":456,"timestamp":"2025-11-06T07:34:46.753Z"}
{"exitCode":"SIGHUP","level":"info","message":"👾 Game executed src.program.crossyWollok on c:\\Users\\nquin\\Desktop\\TP GAME\\TP GAME","timeElapsed":470299,"timestamp":"2025-11-06T07:42:36.597Z"}
{"level":"info","message":"🚀 Program executed \u001b[3m\u001b[34msrc.program.crossyWollok\u001b[39m\u001b[23m on \u001b[3m\u001b[34mc:\\Users\\nquin\\Desktop\\TP GAME\\TP GAME\u001b[39m\u001b[23m","ok":true,"timeElapsed":436,"timestamp":"2025-11-06T07:42:40.401Z"}
{"exitCode":"SIGINT","level":"info","message":"👾 Game executed src.program.crossyWollok on c:\\Users\\nquin\\Desktop\\TP GAME\\TP GAME","timeElapsed":3202,"timestamp":"2025-11-06T07:42:43.167Z"}
{"level":"info","message":"🚀 Program executed \u001b[3m\u001b[34msrc.program.crossyWollok\u001b[39m\u001b[23m on \u001b[3m\u001b[34mc:\\Users\\nquin\\Desktop\\TP GAME\\TP GAME\u001b[39m\u001b[23m","ok":true,"timeElapsed":445,"timestamp":"2025-11-06T07:42:53.634Z"}
{"exitCode":"SIGHUP","level":"info","message":"👾 Game executed src.program.crossyWollok on c:\\Users\\nquin\\Desktop\\TP GAME\\TP GAME","timeElapsed":40563,"timestamp":"2025-11-06T07:43:33.752Z"}
{"level":"info","message":"🚀 Program executed \u001b[3m\u001b[34msrc.program.crossyWollok\u001b[39m\u001b[23m on \u001b[3m\u001b[34mc:\\Users\\nquin\\Desktop\\TP GAME\\TP GAME\u001b[39m\u001b[23m","ok":true,"timeElapsed":447,"timestamp":"2025-11-06T07:43:36.363Z"}
{"exitCode":"SIGHUP","level":"info","message":"👾 Game executed src.program.crossyWollok on c:\\Users\\nquin\\Desktop\\TP GAME\\TP GAME","timeElapsed":44435,"timestamp":"2025-11-06T07:44:20.351Z"}
{"level":"info","message":"🚀 Program executed \u001b[3m\u001b[34msrc.program.crossyWollok\u001b[39m\u001b[23m on \u001b[3m\u001b[34mc:\\Users\\nquin\\Desktop\\TP GAME\\TP GAME\u001b[39m\u001b[23m","ok":true,"timeElapsed":463,"timestamp":"2025-11-06T07:44:23.219Z"}
{"exitCode":0,"level":"info","message":"👾 Game executed src.program.crossyWollok on c:\\Users\\nquin\\Desktop\\TP GAME\\TP GAME","timeElapsed":10145,"timestamp":"2025-11-06T07:44:32.901Z"}
{"level":"info","message":"🚀 Program executed \u001b[3m\u001b[34msrc.program.crossyWollok\u001b[39m\u001b[23m on \u001b[3m\u001b[34mc:\\Users\\nquin\\Desktop\\TP GAME\\TP GAME\u001b[39m\u001b[23m","ok":true,"timeElapsed":458,"timestamp":"2025-11-06T07:44:43.527Z"}
{"exitCode":0,"level":"info","message":"👾 Game executed src.program.crossyWollok on c:\\Users\\nquin\\Desktop\\TP GAME\\TP GAME","timeElapsed":12160,"timestamp":"2025-11-06T07:44:55.229Z"}
{"level":"info","message":"🚀 Program executed \u001b[3m\u001b[34msrc.program.crossyWollok\u001b[39m\u001b[23m on \u001b[3m\u001b[34mc:\\Users\\nquin\\Desktop\\TP GAME\\TP GAME\u001b[39m\u001b[23m","ok":true,"timeElapsed":461,"timestamp":"2025-11-06T07:46:23.789Z"}
{"exitCode":0,"level":"info","message":"👾 Game executed src.program.crossyWollok on c:\\Users\\nquin\\Desktop\\TP GAME\\TP GAME","timeElapsed":16860,"timestamp":"2025-11-06T07:46:40.188Z"}
